<?xml version="1.0" encoding="UTF-8"?>
<coverage generated="1786158800973" clover="3.2.0">
  <project timestamp="1786158800973" name="All files">
    <metrics statements="288" coveredstatements="222" conditionals="138" coveredconditionals="97" methods="43" coveredmethods="36" elements="469" coveredelements="355" complexity="0" loc="288" ncloc="288" packages="1" files="1" classes="1"/>
    <file name="server.js" path="C:\Users\bswof\Documents\GitHub\QueueSmart\QueueSmart\server\server.js">
      <metrics statements="288" coveredstatements="222" conditionals="138" coveredconditionals="97" methods="43" coveredmethods="36"/>
      <line num="1" count="1" type="stmt"/>
      <line num="2" count="1" type="stmt"/>
      <line num="3" count="1" type="stmt"/>
      <line num="4" count="1" type="stmt"/>
      <line num="5" count="1" type="stmt"/>
      <line num="6" count="1" type="stmt"/>
      <line num="8" count="1" type="stmt"/>
      <line num="10" count="1" type="stmt"/>
      <line num="22" count="1" type="stmt"/>
      <line num="23" count="1" type="stmt"/>
      <line num="24" count="0" type="stmt"/>
      <line num="26" count="1" type="stmt"/>
      <line num="29" count="1" type="stmt"/>
      <line num="30" count="1" type="stmt"/>
      <line num="33" count="1" type="stmt"/>
      <line num="34" count="1" type="stmt"/>
      <line num="35" count="1" type="stmt"/>
      <line num="36" count="1" type="stmt"/>
      <line num="37" count="1" type="stmt"/>
      <line num="40" count="1" type="stmt"/>
      <line num="41" count="2" type="stmt"/>
      <line num="43" count="1" type="stmt"/>
      <line num="44" count="3" type="stmt"/>
      <line num="46" count="1" type="stmt"/>
      <line num="47" count="4" type="stmt"/>
      <line num="50" count="1" type="stmt"/>
      <line num="52" count="1" type="stmt"/>
      <line num="60" count="1" type="stmt"/>
      <line num="105" count="1" type="stmt"/>
      <line num="107" count="1" type="stmt"/>
      <line num="116" count="1" type="stmt"/>
      <line num="117" count="1" type="stmt"/>
      <line num="119" count="1" type="stmt"/>
      <line num="127" count="20" type="stmt"/>
      <line num="128" count="20" type="stmt"/>
      <line num="129" count="68" type="stmt"/>
      <line num="130" count="68" type="cond" truecount="4" falsecount="0"/>
      <line num="133" count="68" type="cond" truecount="4" falsecount="0"/>
      <line num="134" count="5" type="stmt"/>
      <line num="136" count="63" type="cond" truecount="1" falsecount="1"/>
      <line num="139" count="63" type="cond" truecount="4" falsecount="0"/>
      <line num="140" count="1" type="stmt"/>
      <line num="142" count="63" type="cond" truecount="2" falsecount="3"/>
      <line num="143" count="0" type="stmt"/>
      <line num="145" count="63" type="cond" truecount="2" falsecount="2"/>
      <line num="146" count="0" type="stmt"/>
      <line num="149" count="63" type="cond" truecount="4" falsecount="0"/>
      <line num="150" count="1" type="stmt"/>
      <line num="152" count="63" type="cond" truecount="4" falsecount="0"/>
      <line num="153" count="1" type="stmt"/>
      <line num="156" count="63" type="cond" truecount="4" falsecount="0"/>
      <line num="157" count="2" type="stmt"/>
      <line num="159" count="20" type="stmt"/>
      <line num="164" count="3" type="stmt"/>
      <line num="177" count="3" type="stmt"/>
      <line num="183" count="3" type="stmt"/>
      <line num="190" count="3" type="stmt"/>
      <line num="194" count="3" type="stmt"/>
      <line num="199" count="0" type="stmt"/>
      <line num="205" count="0" type="cond" truecount="0" falsecount="2"/>
      <line num="207" count="0" type="cond" truecount="0" falsecount="4"/>
      <line num="208" count="0" type="stmt"/>
      <line num="211" count="0" type="cond" truecount="0" falsecount="2"/>
      <line num="215" count="0" type="stmt"/>
      <line num="224" count="0" type="stmt"/>
      <line num="229" count="0" type="stmt"/>
      <line num="235" count="0" type="stmt"/>
      <line num="237" count="0" type="stmt"/>
      <line num="239" count="0" type="cond" truecount="0" falsecount="2"/>
      <line num="243" count="0" type="stmt"/>
      <line num="246" count="0" type="stmt"/>
      <line num="248" count="0" type="stmt"/>
      <line num="251" count="0" type="cond" truecount="0" falsecount="2"/>
      <line num="255" count="0" type="stmt"/>
      <line num="266" count="0" type="stmt"/>
      <line num="273" count="2" type="stmt"/>
      <line num="275" count="2" type="stmt"/>
      <line num="281" count="1" type="stmt"/>
      <line num="282" count="1" type="stmt"/>
      <line num="283" count="1" type="stmt"/>
      <line num="288" count="1" type="stmt"/>
      <line num="292" count="0" type="stmt"/>
      <line num="293" count="0" type="stmt"/>
      <line num="301" count="1" type="stmt"/>
      <line num="302" count="2" type="stmt"/>
      <line num="303" count="2" type="stmt"/>
      <line num="305" count="2" type="cond" truecount="2" falsecount="0"/>
      <line num="306" count="1" type="stmt"/>
      <line num="311" count="1" type="stmt"/>
      <line num="316" count="0" type="stmt"/>
      <line num="318" count="0" type="stmt"/>
      <line num="324" count="1" type="stmt"/>
      <line num="325" count="1" type="stmt"/>
      <line num="326" count="1" type="stmt"/>
      <line num="334" count="1" type="stmt"/>
      <line num="339" count="0" type="stmt"/>
      <line num="340" count="0" type="stmt"/>
      <line num="354" count="1" type="stmt"/>
      <line num="355" count="6" type="stmt"/>
      <line num="362" count="6" type="cond" truecount="2" falsecount="0"/>
      <line num="364" count="2" type="stmt"/>
      <line num="365" count="2" type="stmt"/>
      <line num="368" count="2" type="stmt"/>
      <line num="371" count="2" type="cond" truecount="2" falsecount="0"/>
      <line num="372" count="1" type="stmt"/>
      <line num="375" count="1" type="stmt"/>
      <line num="376" count="1" type="stmt"/>
      <line num="377" count="1" type="stmt"/>
      <line num="380" count="1" type="stmt"/>
      <line num="384" count="1" type="stmt"/>
      <line num="390" count="1" type="stmt"/>
      <line num="398" count="1" type="stmt"/>
      <line num="401" count="0" type="stmt"/>
      <line num="402" count="0" type="stmt"/>
      <line num="408" count="1" type="stmt"/>
      <line num="409" count="6" type="stmt"/>
      <line num="414" count="6" type="cond" truecount="2" falsecount="0"/>
      <line num="416" count="4" type="stmt"/>
      <line num="417" count="4" type="stmt"/>
      <line num="420" count="4" type="stmt"/>
      <line num="428" count="4" type="cond" truecount="1" falsecount="1"/>
      <line num="430" count="0" type="stmt"/>
      <line num="431" count="0" type="stmt"/>
      <line num="432" count="0" type="cond" truecount="0" falsecount="2"/>
      <line num="433" count="0" type="stmt"/>
      <line num="435" count="0" type="stmt"/>
      <line num="436" count="0" type="stmt"/>
      <line num="438" count="0" type="stmt"/>
      <line num="446" count="4" type="stmt"/>
      <line num="447" count="12" type="cond" truecount="2" falsecount="0"/>
      <line num="449" count="4" type="cond" truecount="2" falsecount="0"/>
      <line num="450" count="2" type="stmt"/>
      <line num="452" count="2" type="stmt"/>
      <line num="453" count="2" type="stmt"/>
      <line num="455" count="2" type="stmt"/>
      <line num="462" count="0" type="stmt"/>
      <line num="463" count="0" type="stmt"/>
      <line num="468" count="1" type="stmt"/>
      <line num="469" count="2" type="stmt"/>
      <line num="470" count="2" type="cond" truecount="4" falsecount="0"/>
      <line num="471" count="1" type="stmt"/>
      <line num="473" count="1" type="stmt"/>
      <line num="474" count="1" type="stmt"/>
      <line num="478" count="1" type="stmt"/>
      <line num="479" count="1" type="stmt"/>
      <line num="483" count="1" type="stmt"/>
      <line num="484" count="0" type="stmt"/>
      <line num="492" count="1" type="stmt"/>
      <line num="493" count="1" type="stmt"/>
      <line num="497" count="1" type="stmt"/>
      <line num="498" count="6" type="stmt"/>
      <line num="499" count="2" type="cond" truecount="2" falsecount="0"/>
      <line num="500" count="1" type="stmt"/>
      <line num="504" count="1" type="stmt"/>
      <line num="505" count="8" type="stmt"/>
      <line num="512" count="8" type="cond" truecount="2" falsecount="0"/>
      <line num="514" count="4" type="cond" truecount="3" falsecount="1"/>
      <line num="515" count="0" type="stmt"/>
      <line num="517" count="4" type="stmt"/>
      <line num="525" count="4" type="stmt"/>
      <line num="526" count="4" type="stmt"/>
      <line num="530" count="1" type="stmt"/>
      <line num="531" count="14" type="stmt"/>
      <line num="532" count="2" type="cond" truecount="2" falsecount="0"/>
      <line num="534" count="1" type="stmt"/>
      <line num="542" count="1" type="stmt"/>
      <line num="546" count="1" type="stmt"/>
      <line num="547" count="15" type="stmt"/>
      <line num="548" count="2" type="cond" truecount="2" falsecount="0"/>
      <line num="549" count="1" type="stmt"/>
      <line num="550" count="1" type="stmt"/>
      <line num="554" count="1" type="stmt"/>
      <line num="555" count="16" type="stmt"/>
      <line num="556" count="2" type="cond" truecount="2" falsecount="0"/>
      <line num="557" count="1" type="cond" truecount="1" falsecount="1"/>
      <line num="558" count="1" type="stmt"/>
      <line num="566" count="1" type="stmt"/>
      <line num="567" count="4" type="stmt"/>
      <line num="568" count="4" type="stmt"/>
      <line num="569" count="11" type="stmt"/>
      <line num="572" count="4" type="cond" truecount="2" falsecount="0"/>
      <line num="573" count="1" type="stmt"/>
      <line num="578" count="3" type="stmt"/>
      <line num="587" count="3" type="cond" truecount="2" falsecount="0"/>
      <line num="588" count="1" type="stmt"/>
      <line num="593" count="2" type="stmt"/>
      <line num="595" count="2" type="stmt"/>
      <line num="604" count="3" type="stmt"/>
      <line num="614" count="2" type="stmt"/>
      <line num="621" count="0" type="stmt"/>
      <line num="623" count="0" type="stmt"/>
      <line num="630" count="1" type="stmt"/>
      <line num="631" count="17" type="stmt"/>
      <line num="633" count="7" type="cond" truecount="2" falsecount="0"/>
      <line num="634" count="6" type="cond" truecount="2" falsecount="0"/>
      <line num="636" count="5" type="cond" truecount="4" falsecount="0"/>
      <line num="637" count="2" type="stmt"/>
      <line num="643" count="3" type="stmt"/>
      <line num="648" count="3" type="cond" truecount="2" falsecount="0"/>
      <line num="649" count="1" type="stmt"/>
      <line num="654" count="2" type="stmt"/>
      <line num="657" count="2" type="stmt"/>
      <line num="661" count="2" type="cond" truecount="2" falsecount="0"/>
      <line num="662" count="1" type="stmt"/>
      <line num="668" count="1" type="stmt"/>
      <line num="672" count="1" type="stmt"/>
      <line num="674" count="1" type="cond" truecount="2" falsecount="0"/>
      <line num="677" count="1" type="stmt"/>
      <line num="693" count="1" type="stmt"/>
      <line num="706" count="1" type="stmt"/>
      <line num="712" count="1" type="stmt"/>
      <line num="720" count="1" type="stmt"/>
      <line num="732" count="1" type="stmt"/>
      <line num="733" count="3" type="stmt"/>
      <line num="734" count="3" type="stmt"/>
      <line num="736" count="3" type="cond" truecount="2" falsecount="0"/>
      <line num="737" count="1" type="stmt"/>
      <line num="742" count="2" type="stmt"/>
      <line num="751" count="2" type="cond" truecount="2" falsecount="0"/>
      <line num="752" count="1" type="stmt"/>
      <line num="757" count="1" type="stmt"/>
      <line num="759" count="1" type="stmt"/>
      <line num="766" count="1" type="stmt"/>
      <line num="775" count="1" type="stmt"/>
      <line num="776" count="1" type="stmt"/>
      <line num="779" count="1" type="stmt"/>
      <line num="787" count="1" type="stmt"/>
      <line num="792" count="0" type="stmt"/>
      <line num="794" count="0" type="stmt"/>
      <line num="801" count="1" type="stmt"/>
      <line num="802" count="4" type="stmt"/>
      <line num="803" count="4" type="stmt"/>
      <line num="805" count="4" type="stmt"/>
      <line num="806" count="11" type="stmt"/>
      <line num="809" count="4" type="cond" truecount="2" falsecount="0"/>
      <line num="810" count="1" type="stmt"/>
      <line num="816" count="3" type="stmt"/>
      <line num="821" count="3" type="cond" truecount="2" falsecount="0"/>
      <line num="822" count="1" type="stmt"/>
      <line num="827" count="2" type="stmt"/>
      <line num="830" count="2" type="stmt"/>
      <line num="835" count="2" type="cond" truecount="2" falsecount="0"/>
      <line num="836" count="1" type="stmt"/>
      <line num="841" count="1" type="stmt"/>
      <line num="844" count="1" type="stmt"/>
      <line num="850" count="1" type="stmt"/>
      <line num="862" count="1" type="stmt"/>
      <line num="867" count="1" type="stmt"/>
      <line num="872" count="1" type="stmt"/>
      <line num="874" count="1" type="stmt"/>
      <line num="875" count="0" type="stmt"/>
      <line num="881" count="0" type="cond" truecount="0" falsecount="2"/>
      <line num="885" count="0" type="stmt"/>
      <line num="893" count="0" type="stmt"/>
      <line num="897" count="1" type="stmt"/>
      <line num="906" count="0" type="stmt"/>
      <line num="908" count="0" type="stmt"/>
      <line num="916" count="1" type="stmt"/>
      <line num="917" count="2" type="stmt"/>
      <line num="918" count="2" type="stmt"/>
      <line num="938" count="2" type="stmt"/>
      <line num="943" count="0" type="stmt"/>
      <line num="945" count="0" type="stmt"/>
      <line num="1042" count="1" type="stmt"/>
      <line num="1043" count="0" type="stmt"/>
      <line num="1044" count="0" type="stmt"/>
      <line num="1045" count="0" type="stmt"/>
      <line num="1047" count="0" type="stmt"/>
      <line num="1048" count="0" type="stmt"/>
      <line num="1051" count="1" type="stmt"/>
      <line num="1052" count="0" type="stmt"/>
      <line num="1053" count="0" type="stmt"/>
      <line num="1054" count="0" type="stmt"/>
      <line num="1056" count="0" type="stmt"/>
      <line num="1058" count="0" type="stmt"/>
      <line num="1059" count="0" type="stmt"/>
      <line num="1061" count="0" type="stmt"/>
      <line num="1062" count="0" type="stmt"/>
      <line num="1068" count="1" type="cond" truecount="1" falsecount="1"/>
      <line num="1069" count="0" type="stmt"/>
      <line num="1070" count="0" type="stmt"/>
      <line num="1077" count="52" type="stmt"/>
      <line num="1078" count="52" type="stmt"/>
      <line num="1079" count="52" type="stmt"/>
      <line num="1080" count="52" type="stmt"/>
      <line num="1084" count="1" type="stmt"/>
      <line num="1087" count="1" type="stmt"/>
      <line num="1088" count="1" type="stmt"/>
    </file>
  </project>
</coverage>
