<?xml version="1.0" encoding="UTF-8"?>
<coverage generated="1785966337753" clover="3.2.0">
  <project timestamp="1785966337753" name="All files">
    <metrics statements="259" coveredstatements="196" conditionals="151" coveredconditionals="108" methods="59" coveredmethods="41" elements="469" coveredelements="345" complexity="0" loc="259" ncloc="259" packages="1" files="1" classes="1"/>
    <file name="server.js" path="/Users/mehmaan/Desktop/QueueSmart/QueueSmart/server/server.js">
      <metrics statements="259" coveredstatements="196" conditionals="151" coveredconditionals="108" methods="59" coveredmethods="41"/>
      <line num="1" count="2" type="stmt"/>
      <line num="2" count="2" type="stmt"/>
      <line num="3" count="2" type="stmt"/>
      <line num="4" count="2" type="stmt"/>
      <line num="5" count="2" type="stmt"/>
      <line num="6" count="2" type="stmt"/>
      <line num="8" count="2" type="stmt"/>
      <line num="9" count="2" type="stmt"/>
      <line num="12" count="2" type="stmt"/>
      <line num="13" count="2" type="stmt"/>
      <line num="16" count="2" type="stmt"/>
      <line num="17" count="2" type="stmt"/>
      <line num="18" count="2" type="stmt"/>
      <line num="21" count="2" type="stmt"/>
      <line num="22" count="4" type="stmt"/>
      <line num="25" count="2" type="stmt"/>
      <line num="27" count="2" type="stmt"/>
      <line num="35" count="2" type="stmt"/>
      <line num="66" count="2" type="stmt"/>
      <line num="68" count="2" type="stmt"/>
      <line num="77" count="2" type="stmt"/>
      <line num="78" count="2" type="stmt"/>
      <line num="80" count="2" type="stmt"/>
      <line num="88" count="18" type="stmt"/>
      <line num="89" count="18" type="stmt"/>
      <line num="90" count="60" type="stmt"/>
      <line num="91" count="60" type="cond" truecount="4" falsecount="0"/>
      <line num="93" count="60" type="cond" truecount="4" falsecount="0"/>
      <line num="94" count="5" type="stmt"/>
      <line num="96" count="55" type="cond" truecount="1" falsecount="1"/>
      <line num="97" count="55" type="cond" truecount="4" falsecount="0"/>
      <line num="98" count="1" type="stmt"/>
      <line num="99" count="55" type="cond" truecount="4" falsecount="0"/>
      <line num="100" count="1" type="stmt"/>
      <line num="101" count="55" type="cond" truecount="4" falsecount="0"/>
      <line num="102" count="1" type="stmt"/>
      <line num="103" count="55" type="cond" truecount="4" falsecount="0"/>
      <line num="104" count="2" type="stmt"/>
      <line num="106" count="18" type="stmt"/>
      <line num="111" count="5" type="stmt"/>
      <line num="124" count="5" type="stmt"/>
      <line num="126" count="5" type="stmt"/>
      <line num="130" count="5" type="stmt"/>
      <line num="134" count="0" type="stmt"/>
      <line num="140" count="0" type="cond" truecount="0" falsecount="2"/>
      <line num="142" count="0" type="cond" truecount="0" falsecount="4"/>
      <line num="143" count="0" type="stmt"/>
      <line num="146" count="0" type="cond" truecount="0" falsecount="2"/>
      <line num="150" count="0" type="stmt"/>
      <line num="159" count="0" type="stmt"/>
      <line num="164" count="0" type="stmt"/>
      <line num="170" count="0" type="stmt"/>
      <line num="172" count="0" type="stmt"/>
      <line num="174" count="0" type="cond" truecount="0" falsecount="2"/>
      <line num="178" count="0" type="stmt"/>
      <line num="181" count="0" type="stmt"/>
      <line num="183" count="0" type="stmt"/>
      <line num="186" count="0" type="cond" truecount="0" falsecount="2"/>
      <line num="190" count="0" type="stmt"/>
      <line num="201" count="0" type="stmt"/>
      <line num="210" count="2" type="stmt"/>
      <line num="211" count="0" type="stmt"/>
      <line num="212" count="0" type="stmt"/>
      <line num="215" count="0" type="stmt"/>
      <line num="218" count="0" type="stmt"/>
      <line num="231" count="2" type="stmt"/>
      <line num="232" count="6" type="stmt"/>
      <line num="239" count="6" type="cond" truecount="2" falsecount="0"/>
      <line num="241" count="3" type="stmt"/>
      <line num="242" count="2" type="cond" truecount="2" falsecount="0"/>
      <line num="244" count="1" type="stmt"/>
      <line num="251" count="1" type="stmt"/>
      <line num="253" count="1" type="stmt"/>
      <line num="257" count="2" type="stmt"/>
      <line num="258" count="6" type="stmt"/>
      <line num="263" count="6" type="cond" truecount="2" falsecount="0"/>
      <line num="265" count="4" type="stmt"/>
      <line num="266" count="8" type="cond" truecount="2" falsecount="0"/>
      <line num="268" count="4" type="cond" truecount="2" falsecount="0"/>
      <line num="270" count="2" type="stmt"/>
      <line num="271" count="2" type="stmt"/>
      <line num="273" count="2" type="stmt"/>
      <line num="281" count="2" type="stmt"/>
      <line num="282" count="2" type="stmt"/>
      <line num="283" count="2" type="cond" truecount="4" falsecount="0"/>
      <line num="284" count="1" type="stmt"/>
      <line num="286" count="1" type="stmt"/>
      <line num="287" count="1" type="stmt"/>
      <line num="291" count="2" type="stmt"/>
      <line num="292" count="1" type="stmt"/>
      <line num="296" count="2" type="stmt"/>
      <line num="297" count="0" type="stmt"/>
      <line num="305" count="2" type="stmt"/>
      <line num="306" count="1" type="stmt"/>
      <line num="310" count="2" type="stmt"/>
      <line num="311" count="8" type="stmt"/>
      <line num="312" count="3" type="cond" truecount="2" falsecount="0"/>
      <line num="313" count="2" type="stmt"/>
      <line num="317" count="2" type="stmt"/>
      <line num="318" count="6" type="stmt"/>
      <line num="325" count="6" type="cond" truecount="2" falsecount="0"/>
      <line num="327" count="2" type="cond" truecount="3" falsecount="1"/>
      <line num="328" count="0" type="stmt"/>
      <line num="330" count="2" type="stmt"/>
      <line num="338" count="2" type="stmt"/>
      <line num="339" count="2" type="stmt"/>
      <line num="343" count="2" type="stmt"/>
      <line num="344" count="7" type="stmt"/>
      <line num="345" count="2" type="cond" truecount="2" falsecount="0"/>
      <line num="347" count="1" type="stmt"/>
      <line num="355" count="1" type="stmt"/>
      <line num="359" count="2" type="stmt"/>
      <line num="360" count="13" type="stmt"/>
      <line num="361" count="2" type="cond" truecount="2" falsecount="0"/>
      <line num="362" count="1" type="stmt"/>
      <line num="363" count="1" type="stmt"/>
      <line num="367" count="2" type="stmt"/>
      <line num="368" count="8" type="stmt"/>
      <line num="369" count="2" type="cond" truecount="2" falsecount="0"/>
      <line num="370" count="1" type="cond" truecount="1" falsecount="1"/>
      <line num="371" count="1" type="stmt"/>
      <line num="379" count="2" type="stmt"/>
      <line num="380" count="8" type="stmt"/>
      <line num="381" count="3" type="cond" truecount="2" falsecount="0"/>
      <line num="383" count="2" type="stmt"/>
      <line num="384" count="6" type="stmt"/>
      <line num="385" count="4" type="stmt"/>
      <line num="386" count="6" type="stmt"/>
      <line num="388" count="2" type="stmt"/>
      <line num="392" count="2" type="stmt"/>
      <line num="393" count="22" type="stmt"/>
      <line num="395" count="8" type="cond" truecount="2" falsecount="0"/>
      <line num="396" count="7" type="cond" truecount="2" falsecount="0"/>
      <line num="398" count="6" type="cond" truecount="4" falsecount="0"/>
      <line num="399" count="1" type="stmt"/>
      <line num="401" count="22" type="cond" truecount="2" falsecount="0"/>
      <line num="402" count="5" type="cond" truecount="2" falsecount="0"/>
      <line num="404" count="17" type="stmt"/>
      <line num="406" count="4" type="cond" truecount="2" falsecount="0"/>
      <line num="409" count="4" type="stmt"/>
      <line num="422" count="4" type="stmt"/>
      <line num="424" count="4" type="stmt"/>
      <line num="430" count="4" type="stmt"/>
      <line num="438" count="4" type="stmt"/>
      <line num="450" count="2" type="stmt"/>
      <line num="451" count="3" type="stmt"/>
      <line num="452" count="3" type="cond" truecount="2" falsecount="0"/>
      <line num="454" count="11" type="cond" truecount="2" falsecount="0"/>
      <line num="455" count="2" type="cond" truecount="2" falsecount="0"/>
      <line num="457" count="1" type="stmt"/>
      <line num="458" count="1" type="stmt"/>
      <line num="459" count="5" type="stmt"/>
      <line num="460" count="0" type="stmt"/>
      <line num="461" count="0" type="stmt"/>
      <line num="463" count="1" type="stmt"/>
      <line num="467" count="5" type="cond" truecount="1" falsecount="1"/>
      <line num="473" count="1" type="stmt"/>
      <line num="477" count="2" type="stmt"/>
      <line num="478" count="2" type="stmt"/>
      <line num="479" count="2" type="stmt"/>
      <line num="481" count="2" type="stmt"/>
      <line num="482" count="9" type="stmt"/>
      <line num="485" count="2" type="cond" truecount="2" falsecount="0"/>
      <line num="486" count="1" type="stmt"/>
      <line num="491" count="1" type="stmt"/>
      <line num="492" count="6" type="stmt"/>
      <line num="493" count="0" type="stmt"/>
      <line num="495" count="1" type="cond" truecount="1" falsecount="1"/>
      <line num="496" count="0" type="stmt"/>
      <line num="501" count="1" type="stmt"/>
      <line num="503" count="1" type="stmt"/>
      <line num="504" count="6" type="stmt"/>
      <line num="507" count="1" type="stmt"/>
      <line num="509" count="1" type="stmt"/>
      <line num="510" count="1" type="stmt"/>
      <line num="512" count="1" type="stmt"/>
      <line num="523" count="1" type="stmt"/>
      <line num="533" count="1" type="stmt"/>
      <line num="535" count="1" type="stmt"/>
      <line num="536" count="5" type="stmt"/>
      <line num="537" count="0" type="stmt"/>
      <line num="539" count="1" type="stmt"/>
      <line num="540" count="0" type="stmt"/>
      <line num="542" count="0" type="stmt"/>
      <line num="544" count="0" type="stmt"/>
      <line num="551" count="0" type="cond" truecount="0" falsecount="4"/>
      <line num="556" count="0" type="stmt"/>
      <line num="558" count="0" type="cond" truecount="0" falsecount="2"/>
      <line num="562" count="0" type="stmt"/>
      <line num="570" count="0" type="stmt"/>
      <line num="574" count="1" type="stmt"/>
      <line num="582" count="0" type="stmt"/>
      <line num="584" count="0" type="stmt"/>
      <line num="592" count="2" type="stmt"/>
      <line num="593" count="0" type="stmt"/>
      <line num="594" count="0" type="stmt"/>
      <line num="595" count="0" type="stmt"/>
      <line num="596" count="0" type="stmt"/>
      <line num="600" count="2" type="stmt"/>
      <line num="604" count="2" type="stmt"/>
      <line num="605" count="3" type="cond" truecount="2" falsecount="0"/>
      <line num="606" count="1" type="stmt"/>
      <line num="608" count="2" type="stmt"/>
      <line num="610" count="2" type="cond" truecount="2" falsecount="0"/>
      <line num="611" count="1" type="stmt"/>
      <line num="615" count="1" type="stmt"/>
      <line num="616" count="1" type="stmt"/>
      <line num="617" count="1" type="stmt"/>
      <line num="619" count="1" type="stmt"/>
      <line num="622" count="2" type="stmt"/>
      <line num="626" count="8" type="cond" truecount="4" falsecount="0"/>
      <line num="627" count="1" type="stmt"/>
      <line num="630" count="7" type="cond" truecount="5" falsecount="0"/>
      <line num="631" count="2" type="stmt"/>
      <line num="634" count="5" type="cond" truecount="2" falsecount="0"/>
      <line num="635" count="1" type="stmt"/>
      <line num="638" count="4" type="cond" truecount="2" falsecount="0"/>
      <line num="639" count="1" type="stmt"/>
      <line num="643" count="3" type="stmt"/>
      <line num="651" count="3" type="stmt"/>
      <line num="653" count="3" type="stmt"/>
      <line num="654" count="3" type="stmt"/>
      <line num="655" count="3" type="cond" truecount="2" falsecount="3"/>
      <line num="657" count="1" type="stmt"/>
      <line num="658" count="1" type="stmt"/>
      <line num="661" count="0" type="stmt"/>
      <line num="662" count="0" type="stmt"/>
      <line num="665" count="0" type="stmt"/>
      <line num="666" count="0" type="stmt"/>
      <line num="669" count="0" type="stmt"/>
      <line num="670" count="0" type="stmt"/>
      <line num="673" count="2" type="stmt"/>
      <line num="674" count="2" type="stmt"/>
      <line num="678" count="3" type="stmt"/>
      <line num="690" count="2" type="stmt"/>
      <line num="691" count="0" type="stmt"/>
      <line num="692" count="0" type="stmt"/>
      <line num="693" count="0" type="stmt"/>
      <line num="695" count="0" type="stmt"/>
      <line num="696" count="0" type="stmt"/>
      <line num="699" count="2" type="stmt"/>
      <line num="700" count="0" type="stmt"/>
      <line num="701" count="0" type="stmt"/>
      <line num="702" count="0" type="stmt"/>
      <line num="704" count="0" type="stmt"/>
      <line num="706" count="0" type="stmt"/>
      <line num="707" count="0" type="stmt"/>
      <line num="709" count="0" type="stmt"/>
      <line num="710" count="0" type="stmt"/>
      <line num="716" count="2" type="cond" truecount="1" falsecount="1"/>
      <line num="717" count="0" type="stmt"/>
      <line num="718" count="0" type="stmt"/>
      <line num="725" count="10" type="stmt"/>
      <line num="726" count="10" type="stmt"/>
      <line num="727" count="10" type="stmt"/>
      <line num="728" count="10" type="stmt"/>
      <line num="732" count="2" type="stmt"/>
      <line num="735" count="2" type="stmt"/>
      <line num="736" count="2" type="stmt"/>
    </file>
  </project>
</coverage>
