{"C:\\Users\\Colin\\Desktop\\GithubProjects\\QueueSmart\\QueueSmart\\server\\server.js": {"path":"C:\\Users\\Colin\\Desktop\\GithubProjects\\QueueSmart\\QueueSmart\\server\\server.js","statementMap":{"0":{"start":{"line":1,"column":16},"end":{"line":1,"column":34}},"1":{"start":{"line":2,"column":16},"end":{"line":2,"column":31}},"2":{"start":{"line":3,"column":23},"end":{"line":3,"column":38}},"3":{"start":{"line":4,"column":46},"end":{"line":4,"column":77}},"4":{"start":{"line":6,"column":13},"end":{"line":6,"column":22}},"5":{"start":{"line":7,"column":13},"end":{"line":7,"column":17}},"6":{"start":{"line":10,"column":0},"end":{"line":10,"column":50}},"7":{"start":{"line":11,"column":0},"end":{"line":11,"column":23}},"8":{"start":{"line":14,"column":14},"end":{"line":14,"column":16}},"9":{"start":{"line":15,"column":0},"end":{"line":15,"column":118}},"10":{"start":{"line":16,"column":0},"end":{"line":16,"column":118}},"11":{"start":{"line":19,"column":18},"end":{"line":21,"column":1}},"12":{"start":{"line":20,"column":10},"end":{"line":20,"column":43}},"13":{"start":{"line":23,"column":17},"end":{"line":23,"column":19}},"14":{"start":{"line":25,"column":17},"end":{"line":31,"column":1}},"15":{"start":{"line":33,"column":12},"end":{"line":62,"column":1}},"16":{"start":{"line":64,"column":16},"end":{"line":64,"column":18}},"17":{"start":{"line":66,"column":20},"end":{"line":73,"column":1}},"18":{"start":{"line":75,"column":16},"end":{"line":75,"column":17}},"19":{"start":{"line":76,"column":22},"end":{"line":76,"column":24}},"20":{"start":{"line":78,"column":20},"end":{"line":82,"column":1}},"21":{"start":{"line":86,"column":17},"end":{"line":86,"column":19}},"22":{"start":{"line":87,"column":2},"end":{"line":103,"column":3}},"23":{"start":{"line":88,"column":16},"end":{"line":88,"column":27}},"24":{"start":{"line":89,"column":16},"end":{"line":89,"column":75}},"25":{"start":{"line":91,"column":4},"end":{"line":93,"column":5}},"26":{"start":{"line":92,"column":6},"end":{"line":92,"column":63}},"27":{"start":{"line":92,"column":64},"end":{"line":92,"column":72}},"28":{"start":{"line":94,"column":4},"end":{"line":94,"column":22}},"29":{"start":{"line":94,"column":14},"end":{"line":94,"column":22}},"30":{"start":{"line":95,"column":4},"end":{"line":96,"column":80}},"31":{"start":{"line":96,"column":6},"end":{"line":96,"column":80}},"32":{"start":{"line":97,"column":4},"end":{"line":98,"column":96}},"33":{"start":{"line":98,"column":6},"end":{"line":98,"column":96}},"34":{"start":{"line":99,"column":4},"end":{"line":100,"column":95}},"35":{"start":{"line":100,"column":6},"end":{"line":100,"column":95}},"36":{"start":{"line":101,"column":4},"end":{"line":102,"column":90}},"37":{"start":{"line":102,"column":6},"end":{"line":102,"column":90}},"38":{"start":{"line":104,"column":2},"end":{"line":104,"column":15}},"39":{"start":{"line":109,"column":23},"end":{"line":121,"column":3}},"40":{"start":{"line":123,"column":2},"end":{"line":123,"column":34}},"41":{"start":{"line":125,"column":2},"end":{"line":127,"column":3}},"42":{"start":{"line":129,"column":2},"end":{"line":129,"column":21}},"43":{"start":{"line":133,"column":23},"end":{"line":137,"column":3}},"44":{"start":{"line":139,"column":18},"end":{"line":139,"column":79}},"45":{"start":{"line":141,"column":2},"end":{"line":156,"column":3}},"46":{"start":{"line":142,"column":4},"end":{"line":142,"column":38}},"47":{"start":{"line":145,"column":4},"end":{"line":147,"column":129}},"48":{"start":{"line":149,"column":4},"end":{"line":155,"column":5}},"49":{"start":{"line":158,"column":2},"end":{"line":158,"column":13}},"50":{"start":{"line":166,"column":0},"end":{"line":189,"column":2}},"51":{"start":{"line":167,"column":17},"end":{"line":172,"column":14}},"52":{"start":{"line":174,"column":2},"end":{"line":174,"column":60}},"53":{"start":{"line":174,"column":21},"end":{"line":174,"column":60}},"54":{"start":{"line":176,"column":17},"end":{"line":176,"column":81}},"55":{"start":{"line":176,"column":33},"end":{"line":176,"column":80}},"56":{"start":{"line":177,"column":2},"end":{"line":177,"column":83}},"57":{"start":{"line":177,"column":14},"end":{"line":177,"column":83}},"58":{"start":{"line":179,"column":15},"end":{"line":185,"column":3}},"59":{"start":{"line":186,"column":2},"end":{"line":186,"column":18}},"60":{"start":{"line":188,"column":2},"end":{"line":188,"column":92}},"61":{"start":{"line":192,"column":0},"end":{"line":213,"column":2}},"62":{"start":{"line":193,"column":17},"end":{"line":196,"column":14}},"63":{"start":{"line":198,"column":2},"end":{"line":198,"column":60}},"64":{"start":{"line":198,"column":21},"end":{"line":198,"column":60}},"65":{"start":{"line":200,"column":15},"end":{"line":202,"column":3}},"66":{"start":{"line":201,"column":9},"end":{"line":201,"column":92}},"67":{"start":{"line":203,"column":2},"end":{"line":203,"column":83}},"68":{"start":{"line":203,"column":13},"end":{"line":203,"column":83}},"69":{"start":{"line":205,"column":16},"end":{"line":205,"column":24}},"70":{"start":{"line":206,"column":2},"end":{"line":206,"column":56}},"71":{"start":{"line":208,"column":2},"end":{"line":212,"column":4}},"72":{"start":{"line":216,"column":0},"end":{"line":223,"column":2}},"73":{"start":{"line":217,"column":16},"end":{"line":217,"column":56}},"74":{"start":{"line":218,"column":2},"end":{"line":219,"column":75}},"75":{"start":{"line":219,"column":4},"end":{"line":219,"column":75}},"76":{"start":{"line":221,"column":2},"end":{"line":221,"column":24}},"77":{"start":{"line":222,"column":2},"end":{"line":222,"column":70}},"78":{"start":{"line":226,"column":0},"end":{"line":228,"column":2}},"79":{"start":{"line":227,"column":2},"end":{"line":227,"column":67}},"80":{"start":{"line":231,"column":0},"end":{"line":233,"column":2}},"81":{"start":{"line":232,"column":4},"end":{"line":232,"column":38}},"82":{"start":{"line":240,"column":0},"end":{"line":242,"column":2}},"83":{"start":{"line":241,"column":2},"end":{"line":241,"column":36}},"84":{"start":{"line":245,"column":0},"end":{"line":249,"column":2}},"85":{"start":{"line":246,"column":14},"end":{"line":246,"column":56}},"86":{"start":{"line":246,"column":33},"end":{"line":246,"column":55}},"87":{"start":{"line":247,"column":2},"end":{"line":247,"column":74}},"88":{"start":{"line":247,"column":12},"end":{"line":247,"column":74}},"89":{"start":{"line":248,"column":2},"end":{"line":248,"column":40}},"90":{"start":{"line":252,"column":0},"end":{"line":275,"column":2}},"91":{"start":{"line":253,"column":17},"end":{"line":258,"column":14}},"92":{"start":{"line":260,"column":2},"end":{"line":260,"column":60}},"93":{"start":{"line":260,"column":21},"end":{"line":260,"column":60}},"94":{"start":{"line":262,"column":2},"end":{"line":263,"column":116}},"95":{"start":{"line":263,"column":4},"end":{"line":263,"column":116}},"96":{"start":{"line":265,"column":14},"end":{"line":272,"column":3}},"97":{"start":{"line":273,"column":2},"end":{"line":273,"column":20}},"98":{"start":{"line":274,"column":2},"end":{"line":274,"column":69}},"99":{"start":{"line":278,"column":0},"end":{"line":291,"column":2}},"100":{"start":{"line":279,"column":14},"end":{"line":279,"column":61}},"101":{"start":{"line":279,"column":38},"end":{"line":279,"column":60}},"102":{"start":{"line":280,"column":2},"end":{"line":280,"column":80}},"103":{"start":{"line":280,"column":18},"end":{"line":280,"column":80}},"104":{"start":{"line":282,"column":2},"end":{"line":289,"column":3}},"105":{"start":{"line":290,"column":2},"end":{"line":290,"column":79}},"106":{"start":{"line":294,"column":0},"end":{"line":299,"column":2}},"107":{"start":{"line":295,"column":14},"end":{"line":295,"column":61}},"108":{"start":{"line":295,"column":38},"end":{"line":295,"column":60}},"109":{"start":{"line":296,"column":2},"end":{"line":296,"column":80}},"110":{"start":{"line":296,"column":18},"end":{"line":296,"column":80}},"111":{"start":{"line":297,"column":2},"end":{"line":297,"column":25}},"112":{"start":{"line":298,"column":2},"end":{"line":298,"column":55}},"113":{"start":{"line":302,"column":0},"end":{"line":307,"column":2}},"114":{"start":{"line":303,"column":14},"end":{"line":303,"column":61}},"115":{"start":{"line":303,"column":38},"end":{"line":303,"column":60}},"116":{"start":{"line":304,"column":2},"end":{"line":304,"column":80}},"117":{"start":{"line":304,"column":18},"end":{"line":304,"column":80}},"118":{"start":{"line":305,"column":2},"end":{"line":305,"column":76}},"119":{"start":{"line":306,"column":2},"end":{"line":306,"column":78}},"120":{"start":{"line":314,"column":0},"end":{"line":324,"column":2}},"121":{"start":{"line":315,"column":14},"end":{"line":315,"column":75}},"122":{"start":{"line":315,"column":39},"end":{"line":315,"column":74}},"123":{"start":{"line":316,"column":2},"end":{"line":316,"column":74}},"124":{"start":{"line":316,"column":12},"end":{"line":316,"column":74}},"125":{"start":{"line":318,"column":23},"end":{"line":321,"column":74}},"126":{"start":{"line":319,"column":17},"end":{"line":319,"column":53}},"127":{"start":{"line":320,"column":20},"end":{"line":320,"column":43}},"128":{"start":{"line":321,"column":15},"end":{"line":321,"column":72}},"129":{"start":{"line":323,"column":2},"end":{"line":323,"column":103}},"130":{"start":{"line":327,"column":0},"end":{"line":382,"column":2}},"131":{"start":{"line":328,"column":14},"end":{"line":328,"column":63}},"132":{"start":{"line":328,"column":33},"end":{"line":328,"column":62}},"133":{"start":{"line":330,"column":2},"end":{"line":330,"column":93}},"134":{"start":{"line":330,"column":31},"end":{"line":330,"column":93}},"135":{"start":{"line":331,"column":2},"end":{"line":331,"column":108}},"136":{"start":{"line":331,"column":31},"end":{"line":331,"column":108}},"137":{"start":{"line":333,"column":2},"end":{"line":334,"column":77}},"138":{"start":{"line":334,"column":4},"end":{"line":334,"column":77}},"139":{"start":{"line":336,"column":20},"end":{"line":336,"column":105}},"140":{"start":{"line":336,"column":36},"end":{"line":336,"column":104}},"141":{"start":{"line":337,"column":2},"end":{"line":337,"column":91}},"142":{"start":{"line":337,"column":17},"end":{"line":337,"column":91}},"143":{"start":{"line":339,"column":19},"end":{"line":339,"column":103}},"144":{"start":{"line":339,"column":46},"end":{"line":339,"column":91}},"145":{"start":{"line":341,"column":17},"end":{"line":341,"column":38}},"146":{"start":{"line":344,"column":16},"end":{"line":354,"column":3}},"147":{"start":{"line":357,"column":2},"end":{"line":357,"column":19}},"148":{"start":{"line":359,"column":23},"end":{"line":363,"column":3}},"149":{"start":{"line":365,"column":29},"end":{"line":371,"column":3}},"150":{"start":{"line":373,"column":2},"end":{"line":381,"column":4}},"151":{"start":{"line":385,"column":0},"end":{"line":409,"column":2}},"152":{"start":{"line":386,"column":21},"end":{"line":386,"column":29}},"153":{"start":{"line":387,"column":2},"end":{"line":387,"column":78}},"154":{"start":{"line":387,"column":15},"end":{"line":387,"column":78}},"155":{"start":{"line":389,"column":14},"end":{"line":389,"column":95}},"156":{"start":{"line":389,"column":35},"end":{"line":389,"column":94}},"157":{"start":{"line":390,"column":2},"end":{"line":390,"column":88}},"158":{"start":{"line":390,"column":18},"end":{"line":390,"column":88}},"159":{"start":{"line":392,"column":20},"end":{"line":392,"column":40}},"160":{"start":{"line":393,"column":2},"end":{"line":396,"column":46}},"161":{"start":{"line":394,"column":17},"end":{"line":394,"column":53}},"162":{"start":{"line":395,"column":20},"end":{"line":395,"column":43}},"163":{"start":{"line":396,"column":25},"end":{"line":396,"column":43}},"164":{"start":{"line":398,"column":2},"end":{"line":406,"column":4}},"165":{"start":{"line":402,"column":36},"end":{"line":402,"column":65}},"166":{"start":{"line":408,"column":2},"end":{"line":408,"column":63}},"167":{"start":{"line":412,"column":0},"end":{"line":440,"column":2}},"168":{"start":{"line":413,"column":14},"end":{"line":413,"column":63}},"169":{"start":{"line":413,"column":33},"end":{"line":413,"column":62}},"170":{"start":{"line":414,"column":2},"end":{"line":414,"column":74}},"171":{"start":{"line":414,"column":12},"end":{"line":414,"column":74}},"172":{"start":{"line":416,"column":23},"end":{"line":418,"column":44}},"173":{"start":{"line":417,"column":17},"end":{"line":417,"column":53}},"174":{"start":{"line":418,"column":20},"end":{"line":418,"column":43}},"175":{"start":{"line":420,"column":2},"end":{"line":420,"column":87}},"176":{"start":{"line":420,"column":28},"end":{"line":420,"column":87}},"177":{"start":{"line":422,"column":15},"end":{"line":422,"column":30}},"178":{"start":{"line":423,"column":2},"end":{"line":423,"column":45}},"179":{"start":{"line":423,"column":28},"end":{"line":423,"column":44}},"180":{"start":{"line":424,"column":2},"end":{"line":427,"column":46}},"181":{"start":{"line":425,"column":17},"end":{"line":425,"column":53}},"182":{"start":{"line":426,"column":20},"end":{"line":426,"column":43}},"183":{"start":{"line":427,"column":25},"end":{"line":427,"column":43}},"184":{"start":{"line":429,"column":2},"end":{"line":437,"column":4}},"185":{"start":{"line":439,"column":2},"end":{"line":439,"column":70}},"186":{"start":{"line":443,"column":0},"end":{"line":448,"column":2}},"187":{"start":{"line":444,"column":22},"end":{"line":446,"column":64}},"188":{"start":{"line":445,"column":17},"end":{"line":445,"column":47}},"189":{"start":{"line":446,"column":20},"end":{"line":446,"column":63}},"190":{"start":{"line":447,"column":2},"end":{"line":447,"column":48}},"191":{"start":{"line":451,"column":0},"end":{"line":453,"column":2}},"192":{"start":{"line":455,"column":0},"end":{"line":471,"column":3}},"193":{"start":{"line":456,"column":4},"end":{"line":458,"column":5}},"194":{"start":{"line":457,"column":8},"end":{"line":457,"column":85}},"195":{"start":{"line":459,"column":19},"end":{"line":459,"column":73}},"196":{"start":{"line":459,"column":46},"end":{"line":459,"column":72}},"197":{"start":{"line":461,"column":4},"end":{"line":463,"column":5}},"198":{"start":{"line":462,"column":8},"end":{"line":462,"column":102}},"199":{"start":{"line":466,"column":4},"end":{"line":466,"column":34}},"200":{"start":{"line":467,"column":4},"end":{"line":467,"column":29}},"201":{"start":{"line":468,"column":4},"end":{"line":468,"column":59}},"202":{"start":{"line":470,"column":4},"end":{"line":470,"column":22}},"203":{"start":{"line":473,"column":0},"end":{"line":535,"column":3}},"204":{"start":{"line":476,"column":4},"end":{"line":478,"column":5}},"205":{"start":{"line":477,"column":8},"end":{"line":477,"column":93}},"206":{"start":{"line":479,"column":4},"end":{"line":481,"column":5}},"207":{"start":{"line":480,"column":8},"end":{"line":480,"column":78}},"208":{"start":{"line":482,"column":4},"end":{"line":484,"column":5}},"209":{"start":{"line":483,"column":8},"end":{"line":483,"column":76}},"210":{"start":{"line":485,"column":4},"end":{"line":487,"column":5}},"211":{"start":{"line":486,"column":8},"end":{"line":486,"column":70}},"212":{"start":{"line":490,"column":20},"end":{"line":495,"column":5}},"213":{"start":{"line":498,"column":4},"end":{"line":498,"column":24}},"214":{"start":{"line":500,"column":19},"end":{"line":500,"column":31}},"215":{"start":{"line":501,"column":18},"end":{"line":501,"column":19}},"216":{"start":{"line":502,"column":4},"end":{"line":522,"column":9}},"217":{"start":{"line":504,"column":12},"end":{"line":504,"column":35}},"218":{"start":{"line":505,"column":12},"end":{"line":505,"column":18}},"219":{"start":{"line":508,"column":12},"end":{"line":508,"column":35}},"220":{"start":{"line":509,"column":12},"end":{"line":509,"column":18}},"221":{"start":{"line":512,"column":12},"end":{"line":512,"column":35}},"222":{"start":{"line":513,"column":12},"end":{"line":513,"column":18}},"223":{"start":{"line":516,"column":12},"end":{"line":516,"column":36}},"224":{"start":{"line":517,"column":12},"end":{"line":517,"column":18}},"225":{"start":{"line":520,"column":12},"end":{"line":520,"column":35}},"226":{"start":{"line":521,"column":12},"end":{"line":521,"column":18}},"227":{"start":{"line":525,"column":4},"end":{"line":530,"column":7}},"228":{"start":{"line":532,"column":4},"end":{"line":532,"column":22}},"229":{"start":{"line":537,"column":0},"end":{"line":540,"column":3}},"230":{"start":{"line":538,"column":4},"end":{"line":538,"column":20}},"231":{"start":{"line":542,"column":0},"end":{"line":544,"column":3}},"232":{"start":{"line":543,"column":4},"end":{"line":543,"column":22}},"233":{"start":{"line":547,"column":0},"end":{"line":549,"column":2}},"234":{"start":{"line":548,"column":2},"end":{"line":548,"column":67}},"235":{"start":{"line":551,"column":0},"end":{"line":551,"column":20}}},"fnMap":{"0":{"name":"(anonymous_0)","decl":{"start":{"line":20,"column":2},"end":{"line":20,"column":3}},"loc":{"start":{"line":20,"column":10},"end":{"line":20,"column":43}},"line":20},"1":{"name":"validateFields","decl":{"start":{"line":85,"column":9},"end":{"line":85,"column":23}},"loc":{"start":{"line":85,"column":37},"end":{"line":105,"column":1}},"line":85},"2":{"name":"createNotification","decl":{"start":{"line":108,"column":9},"end":{"line":108,"column":27}},"loc":{"start":{"line":108,"column":78},"end":{"line":130,"column":1}},"line":108},"3":{"name":"checkCloseToFront","decl":{"start":{"line":132,"column":9},"end":{"line":132,"column":26}},"loc":{"start":{"line":132,"column":42},"end":{"line":159,"column":1}},"line":132},"4":{"name":"(anonymous_4)","decl":{"start":{"line":166,"column":31},"end":{"line":166,"column":32}},"loc":{"start":{"line":166,"column":45},"end":{"line":189,"column":1}},"line":166},"5":{"name":"(anonymous_5)","decl":{"start":{"line":176,"column":28},"end":{"line":176,"column":29}},"loc":{"start":{"line":176,"column":33},"end":{"line":176,"column":80}},"line":176},"6":{"name":"(anonymous_6)","decl":{"start":{"line":192,"column":28},"end":{"line":192,"column":29}},"loc":{"start":{"line":192,"column":42},"end":{"line":213,"column":1}},"line":192},"7":{"name":"(anonymous_7)","decl":{"start":{"line":201,"column":4},"end":{"line":201,"column":5}},"loc":{"start":{"line":201,"column":9},"end":{"line":201,"column":92}},"line":201},"8":{"name":"(anonymous_8)","decl":{"start":{"line":216,"column":29},"end":{"line":216,"column":30}},"loc":{"start":{"line":216,"column":43},"end":{"line":223,"column":1}},"line":216},"9":{"name":"(anonymous_9)","decl":{"start":{"line":226,"column":23},"end":{"line":226,"column":24}},"loc":{"start":{"line":226,"column":37},"end":{"line":228,"column":1}},"line":226},"10":{"name":"(anonymous_10)","decl":{"start":{"line":231,"column":28},"end":{"line":231,"column":29}},"loc":{"start":{"line":231,"column":41},"end":{"line":233,"column":1}},"line":231},"11":{"name":"(anonymous_11)","decl":{"start":{"line":240,"column":25},"end":{"line":240,"column":26}},"loc":{"start":{"line":240,"column":39},"end":{"line":242,"column":1}},"line":240},"12":{"name":"(anonymous_12)","decl":{"start":{"line":245,"column":29},"end":{"line":245,"column":30}},"loc":{"start":{"line":245,"column":43},"end":{"line":249,"column":1}},"line":245},"13":{"name":"(anonymous_13)","decl":{"start":{"line":246,"column":28},"end":{"line":246,"column":29}},"loc":{"start":{"line":246,"column":33},"end":{"line":246,"column":55}},"line":246},"14":{"name":"(anonymous_14)","decl":{"start":{"line":252,"column":26},"end":{"line":252,"column":27}},"loc":{"start":{"line":252,"column":40},"end":{"line":275,"column":1}},"line":252},"15":{"name":"(anonymous_15)","decl":{"start":{"line":278,"column":29},"end":{"line":278,"column":30}},"loc":{"start":{"line":278,"column":43},"end":{"line":291,"column":1}},"line":278},"16":{"name":"(anonymous_16)","decl":{"start":{"line":279,"column":33},"end":{"line":279,"column":34}},"loc":{"start":{"line":279,"column":38},"end":{"line":279,"column":60}},"line":279},"17":{"name":"(anonymous_17)","decl":{"start":{"line":294,"column":32},"end":{"line":294,"column":33}},"loc":{"start":{"line":294,"column":46},"end":{"line":299,"column":1}},"line":294},"18":{"name":"(anonymous_18)","decl":{"start":{"line":295,"column":33},"end":{"line":295,"column":34}},"loc":{"start":{"line":295,"column":38},"end":{"line":295,"column":60}},"line":295},"19":{"name":"(anonymous_19)","decl":{"start":{"line":302,"column":38},"end":{"line":302,"column":39}},"loc":{"start":{"line":302,"column":52},"end":{"line":307,"column":1}},"line":302},"20":{"name":"(anonymous_20)","decl":{"start":{"line":303,"column":33},"end":{"line":303,"column":34}},"loc":{"start":{"line":303,"column":38},"end":{"line":303,"column":60}},"line":303},"21":{"name":"(anonymous_21)","decl":{"start":{"line":314,"column":33},"end":{"line":314,"column":34}},"loc":{"start":{"line":314,"column":47},"end":{"line":324,"column":1}},"line":314},"22":{"name":"(anonymous_22)","decl":{"start":{"line":315,"column":28},"end":{"line":315,"column":29}},"loc":{"start":{"line":315,"column":39},"end":{"line":315,"column":74}},"line":315},"23":{"name":"(anonymous_23)","decl":{"start":{"line":319,"column":12},"end":{"line":319,"column":13}},"loc":{"start":{"line":319,"column":17},"end":{"line":319,"column":53}},"line":319},"24":{"name":"(anonymous_24)","decl":{"start":{"line":320,"column":10},"end":{"line":320,"column":11}},"loc":{"start":{"line":320,"column":20},"end":{"line":320,"column":43}},"line":320},"25":{"name":"(anonymous_25)","decl":{"start":{"line":321,"column":9},"end":{"line":321,"column":10}},"loc":{"start":{"line":321,"column":15},"end":{"line":321,"column":72}},"line":321},"26":{"name":"(anonymous_26)","decl":{"start":{"line":327,"column":39},"end":{"line":327,"column":40}},"loc":{"start":{"line":327,"column":53},"end":{"line":382,"column":1}},"line":327},"27":{"name":"(anonymous_27)","decl":{"start":{"line":328,"column":28},"end":{"line":328,"column":29}},"loc":{"start":{"line":328,"column":33},"end":{"line":328,"column":62}},"line":328},"28":{"name":"(anonymous_28)","decl":{"start":{"line":336,"column":31},"end":{"line":336,"column":32}},"loc":{"start":{"line":336,"column":36},"end":{"line":336,"column":104}},"line":336},"29":{"name":"(anonymous_29)","decl":{"start":{"line":339,"column":32},"end":{"line":339,"column":33}},"loc":{"start":{"line":339,"column":46},"end":{"line":339,"column":91}},"line":339},"30":{"name":"(anonymous_30)","decl":{"start":{"line":385,"column":42},"end":{"line":385,"column":43}},"loc":{"start":{"line":385,"column":56},"end":{"line":409,"column":1}},"line":385},"31":{"name":"(anonymous_31)","decl":{"start":{"line":389,"column":30},"end":{"line":389,"column":31}},"loc":{"start":{"line":389,"column":35},"end":{"line":389,"column":94}},"line":389},"32":{"name":"(anonymous_32)","decl":{"start":{"line":394,"column":12},"end":{"line":394,"column":13}},"loc":{"start":{"line":394,"column":17},"end":{"line":394,"column":53}},"line":394},"33":{"name":"(anonymous_33)","decl":{"start":{"line":395,"column":10},"end":{"line":395,"column":11}},"loc":{"start":{"line":395,"column":20},"end":{"line":395,"column":43}},"line":395},"34":{"name":"(anonymous_34)","decl":{"start":{"line":396,"column":13},"end":{"line":396,"column":14}},"loc":{"start":{"line":396,"column":23},"end":{"line":396,"column":45}},"line":396},"35":{"name":"(anonymous_35)","decl":{"start":{"line":402,"column":31},"end":{"line":402,"column":32}},"loc":{"start":{"line":402,"column":36},"end":{"line":402,"column":65}},"line":402},"36":{"name":"(anonymous_36)","decl":{"start":{"line":412,"column":45},"end":{"line":412,"column":46}},"loc":{"start":{"line":412,"column":59},"end":{"line":440,"column":1}},"line":412},"37":{"name":"(anonymous_37)","decl":{"start":{"line":413,"column":28},"end":{"line":413,"column":29}},"loc":{"start":{"line":413,"column":33},"end":{"line":413,"column":62}},"line":413},"38":{"name":"(anonymous_38)","decl":{"start":{"line":417,"column":12},"end":{"line":417,"column":13}},"loc":{"start":{"line":417,"column":17},"end":{"line":417,"column":53}},"line":417},"39":{"name":"(anonymous_39)","decl":{"start":{"line":418,"column":10},"end":{"line":418,"column":11}},"loc":{"start":{"line":418,"column":20},"end":{"line":418,"column":43}},"line":418},"40":{"name":"(anonymous_40)","decl":{"start":{"line":423,"column":23},"end":{"line":423,"column":24}},"loc":{"start":{"line":423,"column":28},"end":{"line":423,"column":44}},"line":423},"41":{"name":"(anonymous_41)","decl":{"start":{"line":425,"column":12},"end":{"line":425,"column":13}},"loc":{"start":{"line":425,"column":17},"end":{"line":425,"column":53}},"line":425},"42":{"name":"(anonymous_42)","decl":{"start":{"line":426,"column":10},"end":{"line":426,"column":11}},"loc":{"start":{"line":426,"column":20},"end":{"line":426,"column":43}},"line":426},"43":{"name":"(anonymous_43)","decl":{"start":{"line":427,"column":13},"end":{"line":427,"column":14}},"loc":{"start":{"line":427,"column":23},"end":{"line":427,"column":45}},"line":427},"44":{"name":"(anonymous_44)","decl":{"start":{"line":443,"column":32},"end":{"line":443,"column":33}},"loc":{"start":{"line":443,"column":46},"end":{"line":448,"column":1}},"line":443},"45":{"name":"(anonymous_45)","decl":{"start":{"line":445,"column":12},"end":{"line":445,"column":13}},"loc":{"start":{"line":445,"column":17},"end":{"line":445,"column":47}},"line":445},"46":{"name":"(anonymous_46)","decl":{"start":{"line":446,"column":10},"end":{"line":446,"column":11}},"loc":{"start":{"line":446,"column":20},"end":{"line":446,"column":63}},"line":446},"47":{"name":"(anonymous_47)","decl":{"start":{"line":451,"column":26},"end":{"line":451,"column":27}},"loc":{"start":{"line":451,"column":38},"end":{"line":453,"column":1}},"line":451},"48":{"name":"(anonymous_48)","decl":{"start":{"line":455,"column":24},"end":{"line":455,"column":25}},"loc":{"start":{"line":455,"column":36},"end":{"line":471,"column":1}},"line":455},"49":{"name":"(anonymous_49)","decl":{"start":{"line":459,"column":35},"end":{"line":459,"column":36}},"loc":{"start":{"line":459,"column":46},"end":{"line":459,"column":72}},"line":459},"50":{"name":"(anonymous_50)","decl":{"start":{"line":473,"column":23},"end":{"line":473,"column":24}},"loc":{"start":{"line":473,"column":35},"end":{"line":535,"column":1}},"line":473},"51":{"name":"(anonymous_51)","decl":{"start":{"line":537,"column":18},"end":{"line":537,"column":19}},"loc":{"start":{"line":537,"column":31},"end":{"line":540,"column":1}},"line":537},"52":{"name":"(anonymous_52)","decl":{"start":{"line":542,"column":20},"end":{"line":542,"column":21}},"loc":{"start":{"line":542,"column":33},"end":{"line":544,"column":1}},"line":542},"53":{"name":"(anonymous_53)","decl":{"start":{"line":547,"column":17},"end":{"line":547,"column":18}},"loc":{"start":{"line":547,"column":23},"end":{"line":549,"column":1}},"line":547}},"branchMap":{"0":{"loc":{"start":{"line":89,"column":16},"end":{"line":89,"column":75}},"type":"cond-expr","locations":[{"start":{"line":89,"column":52},"end":{"line":89,"column":70}},{"start":{"line":89,"column":73},"end":{"line":89,"column":75}}],"line":89},"1":{"loc":{"start":{"line":89,"column":16},"end":{"line":89,"column":49}},"type":"binary-expr","locations":[{"start":{"line":89,"column":16},"end":{"line":89,"column":33}},{"start":{"line":89,"column":37},"end":{"line":89,"column":49}}],"line":89},"2":{"loc":{"start":{"line":91,"column":4},"end":{"line":93,"column":5}},"type":"if","locations":[{"start":{"line":91,"column":4},"end":{"line":93,"column":5}},{"start":{},"end":{}}],"line":91},"3":{"loc":{"start":{"line":91,"column":8},"end":{"line":91,"column":29}},"type":"binary-expr","locations":[{"start":{"line":91,"column":8},"end":{"line":91,"column":21}},{"start":{"line":91,"column":25},"end":{"line":91,"column":29}}],"line":91},"4":{"loc":{"start":{"line":94,"column":4},"end":{"line":94,"column":22}},"type":"if","locations":[{"start":{"line":94,"column":4},"end":{"line":94,"column":22}},{"start":{},"end":{}}],"line":94},"5":{"loc":{"start":{"line":95,"column":4},"end":{"line":96,"column":80}},"type":"if","locations":[{"start":{"line":95,"column":4},"end":{"line":96,"column":80}},{"start":{},"end":{}}],"line":95},"6":{"loc":{"start":{"line":95,"column":8},"end":{"line":95,"column":72}},"type":"binary-expr","locations":[{"start":{"line":95,"column":8},"end":{"line":95,"column":29}},{"start":{"line":95,"column":33},"end":{"line":95,"column":72}}],"line":95},"7":{"loc":{"start":{"line":97,"column":4},"end":{"line":98,"column":96}},"type":"if","locations":[{"start":{"line":97,"column":4},"end":{"line":98,"column":96}},{"start":{},"end":{}}],"line":97},"8":{"loc":{"start":{"line":97,"column":8},"end":{"line":97,"column":53}},"type":"binary-expr","locations":[{"start":{"line":97,"column":8},"end":{"line":97,"column":22}},{"start":{"line":97,"column":26},"end":{"line":97,"column":53}}],"line":97},"9":{"loc":{"start":{"line":99,"column":4},"end":{"line":100,"column":95}},"type":"if","locations":[{"start":{"line":99,"column":4},"end":{"line":100,"column":95}},{"start":{},"end":{}}],"line":99},"10":{"loc":{"start":{"line":99,"column":8},"end":{"line":99,"column":53}},"type":"binary-expr","locations":[{"start":{"line":99,"column":8},"end":{"line":99,"column":22}},{"start":{"line":99,"column":26},"end":{"line":99,"column":53}}],"line":99},"11":{"loc":{"start":{"line":101,"column":4},"end":{"line":102,"column":90}},"type":"if","locations":[{"start":{"line":101,"column":4},"end":{"line":102,"column":90}},{"start":{},"end":{}}],"line":101},"12":{"loc":{"start":{"line":101,"column":8},"end":{"line":101,"column":45}},"type":"binary-expr","locations":[{"start":{"line":101,"column":8},"end":{"line":101,"column":17}},{"start":{"line":101,"column":21},"end":{"line":101,"column":45}}],"line":101},"13":{"loc":{"start":{"line":108,"column":58},"end":{"line":108,"column":77}},"type":"default-arg","locations":[{"start":{"line":108,"column":73},"end":{"line":108,"column":77}}],"line":108},"14":{"loc":{"start":{"line":117,"column":8},"end":{"line":120,"column":5}},"type":"binary-expr","locations":[{"start":{"line":117,"column":8},"end":{"line":117,"column":20}},{"start":{"line":117,"column":24},"end":{"line":120,"column":5}}],"line":117},"15":{"loc":{"start":{"line":136,"column":4},"end":{"line":136,"column":22}},"type":"binary-expr","locations":[{"start":{"line":136,"column":4},"end":{"line":136,"column":16}},{"start":{"line":136,"column":20},"end":{"line":136,"column":22}}],"line":136},"16":{"loc":{"start":{"line":139,"column":18},"end":{"line":139,"column":79}},"type":"binary-expr","locations":[{"start":{"line":139,"column":18},"end":{"line":139,"column":36}},{"start":{"line":139,"column":40},"end":{"line":139,"column":79}}],"line":139},"17":{"loc":{"start":{"line":141,"column":2},"end":{"line":156,"column":3}},"type":"if","locations":[{"start":{"line":141,"column":2},"end":{"line":156,"column":3}},{"start":{},"end":{}}],"line":141},"18":{"loc":{"start":{"line":141,"column":5},"end":{"line":141,"column":44}},"type":"binary-expr","locations":[{"start":{"line":141,"column":5},"end":{"line":141,"column":12}},{"start":{"line":141,"column":16},"end":{"line":141,"column":44}}],"line":141},"19":{"loc":{"start":{"line":145,"column":4},"end":{"line":147,"column":129}},"type":"cond-expr","locations":[{"start":{"line":146,"column":8},"end":{"line":146,"column":60}},{"start":{"line":147,"column":8},"end":{"line":147,"column":129}}],"line":145},"20":{"loc":{"start":{"line":174,"column":2},"end":{"line":174,"column":60}},"type":"if","locations":[{"start":{"line":174,"column":2},"end":{"line":174,"column":60}},{"start":{},"end":{}}],"line":174},"21":{"loc":{"start":{"line":177,"column":2},"end":{"line":177,"column":83}},"type":"if","locations":[{"start":{"line":177,"column":2},"end":{"line":177,"column":83}},{"start":{},"end":{}}],"line":177},"22":{"loc":{"start":{"line":198,"column":2},"end":{"line":198,"column":60}},"type":"if","locations":[{"start":{"line":198,"column":2},"end":{"line":198,"column":60}},{"start":{},"end":{}}],"line":198},"23":{"loc":{"start":{"line":201,"column":9},"end":{"line":201,"column":92}},"type":"binary-expr","locations":[{"start":{"line":201,"column":9},"end":{"line":201,"column":56}},{"start":{"line":201,"column":60},"end":{"line":201,"column":92}}],"line":201},"24":{"loc":{"start":{"line":203,"column":2},"end":{"line":203,"column":83}},"type":"if","locations":[{"start":{"line":203,"column":2},"end":{"line":203,"column":83}},{"start":{},"end":{}}],"line":203},"25":{"loc":{"start":{"line":218,"column":2},"end":{"line":219,"column":75}},"type":"if","locations":[{"start":{"line":218,"column":2},"end":{"line":219,"column":75}},{"start":{},"end":{}}],"line":218},"26":{"loc":{"start":{"line":218,"column":6},"end":{"line":218,"column":32}},"type":"binary-expr","locations":[{"start":{"line":218,"column":6},"end":{"line":218,"column":12}},{"start":{"line":218,"column":16},"end":{"line":218,"column":32}}],"line":218},"27":{"loc":{"start":{"line":247,"column":2},"end":{"line":247,"column":74}},"type":"if","locations":[{"start":{"line":247,"column":2},"end":{"line":247,"column":74}},{"start":{},"end":{}}],"line":247},"28":{"loc":{"start":{"line":260,"column":2},"end":{"line":260,"column":60}},"type":"if","locations":[{"start":{"line":260,"column":2},"end":{"line":260,"column":60}},{"start":{},"end":{}}],"line":260},"29":{"loc":{"start":{"line":262,"column":2},"end":{"line":263,"column":116}},"type":"if","locations":[{"start":{"line":262,"column":2},"end":{"line":263,"column":116}},{"start":{},"end":{}}],"line":262},"30":{"loc":{"start":{"line":262,"column":6},"end":{"line":262,"column":63}},"type":"binary-expr","locations":[{"start":{"line":262,"column":6},"end":{"line":262,"column":30}},{"start":{"line":262,"column":34},"end":{"line":262,"column":63}}],"line":262},"31":{"loc":{"start":{"line":280,"column":2},"end":{"line":280,"column":80}},"type":"if","locations":[{"start":{"line":280,"column":2},"end":{"line":280,"column":80}},{"start":{},"end":{}}],"line":280},"32":{"loc":{"start":{"line":284,"column":8},"end":{"line":284,"column":63}},"type":"binary-expr","locations":[{"start":{"line":284,"column":8},"end":{"line":284,"column":21}},{"start":{"line":284,"column":29},"end":{"line":284,"column":63}}],"line":284},"33":{"loc":{"start":{"line":285,"column":8},"end":{"line":285,"column":63}},"type":"binary-expr","locations":[{"start":{"line":285,"column":8},"end":{"line":285,"column":21}},{"start":{"line":285,"column":29},"end":{"line":285,"column":63}}],"line":285},"34":{"loc":{"start":{"line":286,"column":8},"end":{"line":286,"column":68}},"type":"binary-expr","locations":[{"start":{"line":286,"column":8},"end":{"line":286,"column":25}},{"start":{"line":286,"column":29},"end":{"line":286,"column":68}}],"line":286},"35":{"loc":{"start":{"line":287,"column":8},"end":{"line":287,"column":60}},"type":"binary-expr","locations":[{"start":{"line":287,"column":8},"end":{"line":287,"column":25}},{"start":{"line":287,"column":29},"end":{"line":287,"column":60}}],"line":287},"36":{"loc":{"start":{"line":288,"column":8},"end":{"line":288,"column":58}},"type":"binary-expr","locations":[{"start":{"line":288,"column":8},"end":{"line":288,"column":23}},{"start":{"line":288,"column":29},"end":{"line":288,"column":58}}],"line":288},"37":{"loc":{"start":{"line":296,"column":2},"end":{"line":296,"column":80}},"type":"if","locations":[{"start":{"line":296,"column":2},"end":{"line":296,"column":80}},{"start":{},"end":{}}],"line":296},"38":{"loc":{"start":{"line":304,"column":2},"end":{"line":304,"column":80}},"type":"if","locations":[{"start":{"line":304,"column":2},"end":{"line":304,"column":80}},{"start":{},"end":{}}],"line":304},"39":{"loc":{"start":{"line":305,"column":25},"end":{"line":305,"column":76}},"type":"cond-expr","locations":[{"start":{"line":305,"column":59},"end":{"line":305,"column":67}},{"start":{"line":305,"column":70},"end":{"line":305,"column":76}}],"line":305},"40":{"loc":{"start":{"line":316,"column":2},"end":{"line":316,"column":74}},"type":"if","locations":[{"start":{"line":316,"column":2},"end":{"line":316,"column":74}},{"start":{},"end":{}}],"line":316},"41":{"loc":{"start":{"line":330,"column":2},"end":{"line":330,"column":93}},"type":"if","locations":[{"start":{"line":330,"column":2},"end":{"line":330,"column":93}},{"start":{},"end":{}}],"line":330},"42":{"loc":{"start":{"line":331,"column":2},"end":{"line":331,"column":108}},"type":"if","locations":[{"start":{"line":331,"column":2},"end":{"line":331,"column":108}},{"start":{},"end":{}}],"line":331},"43":{"loc":{"start":{"line":333,"column":2},"end":{"line":334,"column":77}},"type":"if","locations":[{"start":{"line":333,"column":2},"end":{"line":334,"column":77}},{"start":{},"end":{}}],"line":333},"44":{"loc":{"start":{"line":333,"column":6},"end":{"line":333,"column":40}},"type":"binary-expr","locations":[{"start":{"line":333,"column":6},"end":{"line":333,"column":22}},{"start":{"line":333,"column":26},"end":{"line":333,"column":40}}],"line":333},"45":{"loc":{"start":{"line":336,"column":36},"end":{"line":336,"column":104}},"type":"binary-expr","locations":[{"start":{"line":336,"column":36},"end":{"line":336,"column":72}},{"start":{"line":336,"column":76},"end":{"line":336,"column":104}}],"line":336},"46":{"loc":{"start":{"line":337,"column":2},"end":{"line":337,"column":91}},"type":"if","locations":[{"start":{"line":337,"column":2},"end":{"line":337,"column":91}},{"start":{},"end":{}}],"line":337},"47":{"loc":{"start":{"line":341,"column":17},"end":{"line":341,"column":38}},"type":"binary-expr","locations":[{"start":{"line":341,"column":17},"end":{"line":341,"column":32}},{"start":{"line":341,"column":36},"end":{"line":341,"column":38}}],"line":341},"48":{"loc":{"start":{"line":387,"column":2},"end":{"line":387,"column":78}},"type":"if","locations":[{"start":{"line":387,"column":2},"end":{"line":387,"column":78}},{"start":{},"end":{}}],"line":387},"49":{"loc":{"start":{"line":389,"column":35},"end":{"line":389,"column":94}},"type":"binary-expr","locations":[{"start":{"line":389,"column":35},"end":{"line":389,"column":71}},{"start":{"line":389,"column":75},"end":{"line":389,"column":94}}],"line":389},"50":{"loc":{"start":{"line":390,"column":2},"end":{"line":390,"column":88}},"type":"if","locations":[{"start":{"line":390,"column":2},"end":{"line":390,"column":88}},{"start":{},"end":{}}],"line":390},"51":{"loc":{"start":{"line":402,"column":17},"end":{"line":402,"column":78}},"type":"binary-expr","locations":[{"start":{"line":402,"column":17},"end":{"line":402,"column":72}},{"start":{"line":402,"column":76},"end":{"line":402,"column":78}}],"line":402},"52":{"loc":{"start":{"line":414,"column":2},"end":{"line":414,"column":74}},"type":"if","locations":[{"start":{"line":414,"column":2},"end":{"line":414,"column":74}},{"start":{},"end":{}}],"line":414},"53":{"loc":{"start":{"line":420,"column":2},"end":{"line":420,"column":87}},"type":"if","locations":[{"start":{"line":420,"column":2},"end":{"line":420,"column":87}},{"start":{},"end":{}}],"line":420},"54":{"loc":{"start":{"line":456,"column":4},"end":{"line":458,"column":5}},"type":"if","locations":[{"start":{"line":456,"column":4},"end":{"line":458,"column":5}},{"start":{},"end":{}}],"line":456},"55":{"loc":{"start":{"line":461,"column":4},"end":{"line":463,"column":5}},"type":"if","locations":[{"start":{"line":461,"column":4},"end":{"line":463,"column":5}},{"start":{},"end":{}}],"line":461},"56":{"loc":{"start":{"line":476,"column":4},"end":{"line":478,"column":5}},"type":"if","locations":[{"start":{"line":476,"column":4},"end":{"line":478,"column":5}},{"start":{},"end":{}}],"line":476},"57":{"loc":{"start":{"line":476,"column":7},"end":{"line":476,"column":73}},"type":"binary-expr","locations":[{"start":{"line":476,"column":7},"end":{"line":476,"column":21}},{"start":{"line":476,"column":25},"end":{"line":476,"column":42}},{"start":{"line":476,"column":46},"end":{"line":476,"column":73}}],"line":476},"58":{"loc":{"start":{"line":479,"column":4},"end":{"line":481,"column":5}},"type":"if","locations":[{"start":{"line":479,"column":4},"end":{"line":481,"column":5}},{"start":{},"end":{}}],"line":479},"59":{"loc":{"start":{"line":479,"column":7},"end":{"line":479,"column":80}},"type":"binary-expr","locations":[{"start":{"line":479,"column":7},"end":{"line":479,"column":40}},{"start":{"line":479,"column":44},"end":{"line":479,"column":80}}],"line":479},"60":{"loc":{"start":{"line":482,"column":4},"end":{"line":484,"column":5}},"type":"if","locations":[{"start":{"line":482,"column":4},"end":{"line":484,"column":5}},{"start":{},"end":{}}],"line":482},"61":{"loc":{"start":{"line":485,"column":4},"end":{"line":487,"column":5}},"type":"if","locations":[{"start":{"line":485,"column":4},"end":{"line":487,"column":5}},{"start":{},"end":{}}],"line":485},"62":{"loc":{"start":{"line":502,"column":4},"end":{"line":522,"column":9}},"type":"switch","locations":[{"start":{"line":503,"column":8},"end":{"line":505,"column":18}},{"start":{"line":507,"column":8},"end":{"line":509,"column":18}},{"start":{"line":511,"column":8},"end":{"line":513,"column":18}},{"start":{"line":515,"column":8},"end":{"line":517,"column":18}},{"start":{"line":519,"column":8},"end":{"line":521,"column":18}}],"line":502}},"s":{"0":1,"1":1,"2":1,"3":1,"4":1,"5":1,"6":1,"7":1,"8":1,"9":1,"10":1,"11":1,"12":2,"13":1,"14":1,"15":1,"16":1,"17":1,"18":1,"19":1,"20":1,"21":18,"22":18,"23":60,"24":60,"25":60,"26":5,"27":5,"28":55,"29":0,"30":55,"31":1,"32":55,"33":1,"34":55,"35":1,"36":55,"37":2,"38":18,"39":4,"40":4,"41":4,"42":4,"43":0,"44":0,"45":0,"46":0,"47":0,"48":0,"49":0,"50":1,"51":6,"52":6,"53":4,"54":2,"55":3,"56":2,"57":1,"58":1,"59":1,"60":1,"61":1,"62":6,"63":6,"64":2,"65":4,"66":8,"67":4,"68":2,"69":2,"70":2,"71":2,"72":1,"73":2,"74":2,"75":1,"76":1,"77":1,"78":1,"79":1,"80":1,"81":0,"82":1,"83":1,"84":1,"85":3,"86":8,"87":3,"88":1,"89":2,"90":1,"91":6,"92":6,"93":4,"94":2,"95":0,"96":2,"97":2,"98":2,"99":1,"100":2,"101":7,"102":2,"103":1,"104":1,"105":1,"106":1,"107":2,"108":13,"109":2,"110":1,"111":1,"112":1,"113":1,"114":2,"115":8,"116":2,"117":1,"118":1,"119":1,"120":1,"121":3,"122":8,"123":3,"124":1,"125":2,"126":6,"127":4,"128":6,"129":2,"130":1,"131":8,"132":22,"133":8,"134":1,"135":7,"136":1,"137":6,"138":1,"139":5,"140":22,"141":5,"142":1,"143":4,"144":17,"145":4,"146":4,"147":4,"148":4,"149":4,"150":4,"151":1,"152":3,"153":3,"154":1,"155":2,"156":11,"157":2,"158":1,"159":1,"160":1,"161":5,"162":0,"163":0,"164":1,"165":5,"166":1,"167":1,"168":2,"169":9,"170":2,"171":1,"172":1,"173":6,"174":0,"175":1,"176":0,"177":1,"178":1,"179":6,"180":1,"181":5,"182":0,"183":0,"184":1,"185":1,"186":1,"187":0,"188":0,"189":0,"190":0,"191":1,"192":1,"193":0,"194":0,"195":0,"196":0,"197":0,"198":0,"199":0,"200":0,"201":0,"202":0,"203":1,"204":0,"205":0,"206":0,"207":0,"208":0,"209":0,"210":0,"211":0,"212":0,"213":0,"214":0,"215":0,"216":0,"217":0,"218":0,"219":0,"220":0,"221":0,"222":0,"223":0,"224":0,"225":0,"226":0,"227":0,"228":0,"229":1,"230":0,"231":1,"232":0,"233":1,"234":1,"235":1},"f":{"0":2,"1":18,"2":4,"3":0,"4":6,"5":3,"6":6,"7":8,"8":2,"9":1,"10":0,"11":1,"12":3,"13":8,"14":6,"15":2,"16":7,"17":2,"18":13,"19":2,"20":8,"21":3,"22":8,"23":6,"24":4,"25":6,"26":8,"27":22,"28":22,"29":17,"30":3,"31":11,"32":5,"33":0,"34":0,"35":5,"36":2,"37":9,"38":6,"39":0,"40":6,"41":5,"42":0,"43":0,"44":0,"45":0,"46":0,"47":0,"48":0,"49":0,"50":0,"51":0,"52":0,"53":1},"b":{"0":[55,5],"1":[60,55],"2":[5,55],"3":[60,60],"4":[0,55],"5":[1,54],"6":[55,11],"7":[1,54],"8":[55,22],"9":[1,54],"10":[55,10],"11":[2,53],"12":[55,12],"13":[0],"14":[4,4],"15":[0,0],"16":[0,0],"17":[0,0],"18":[0,0],"19":[0,0],"20":[4,2],"21":[1,1],"22":[2,4],"23":[8,3],"24":[2,2],"25":[1,1],"26":[2,2],"27":[1,2],"28":[4,2],"29":[0,2],"30":[2,2],"31":[1,1],"32":[1,1],"33":[1,0],"34":[1,1],"35":[1,0],"36":[1,0],"37":[1,1],"38":[1,1],"39":[1,0],"40":[1,2],"41":[1,7],"42":[1,6],"43":[1,5],"44":[6,5],"45":[22,12],"46":[1,4],"47":[4,4],"48":[1,2],"49":[11,6],"50":[1,1],"51":[1,0],"52":[1,1],"53":[0,1],"54":[0,0],"55":[0,0],"56":[0,0],"57":[0,0,0],"58":[0,0],"59":[0,0],"60":[0,0],"61":[0,0],"62":[0,0,0,0,0]},"_coverageSchema":"1a1c01bbd47fc00a2c39e90264f33305004495a9","hash":"75d91610df7fe8de1ab15e9833dfd178f6069e17"}
}
