{"C:\\GithubProjects\\QueueSmart\\QueueSmart\\server\\server.js": {"path":"C:\\GithubProjects\\QueueSmart\\QueueSmart\\server\\server.js","statementMap":{"0":{"start":{"line":1,"column":16},"end":{"line":1,"column":34}},"1":{"start":{"line":2,"column":16},"end":{"line":2,"column":31}},"2":{"start":{"line":3,"column":23},"end":{"line":3,"column":38}},"3":{"start":{"line":4,"column":46},"end":{"line":4,"column":77}},"4":{"start":{"line":6,"column":13},"end":{"line":6,"column":22}},"5":{"start":{"line":7,"column":13},"end":{"line":7,"column":17}},"6":{"start":{"line":10,"column":0},"end":{"line":10,"column":50}},"7":{"start":{"line":11,"column":0},"end":{"line":11,"column":23}},"8":{"start":{"line":14,"column":14},"end":{"line":14,"column":16}},"9":{"start":{"line":15,"column":0},"end":{"line":15,"column":118}},"10":{"start":{"line":16,"column":0},"end":{"line":16,"column":118}},"11":{"start":{"line":19,"column":18},"end":{"line":21,"column":1}},"12":{"start":{"line":20,"column":10},"end":{"line":20,"column":43}},"13":{"start":{"line":23,"column":17},"end":{"line":23,"column":19}},"14":{"start":{"line":25,"column":17},"end":{"line":31,"column":1}},"15":{"start":{"line":33,"column":12},"end":{"line":62,"column":1}},"16":{"start":{"line":64,"column":16},"end":{"line":64,"column":18}},"17":{"start":{"line":66,"column":20},"end":{"line":73,"column":1}},"18":{"start":{"line":75,"column":16},"end":{"line":75,"column":17}},"19":{"start":{"line":76,"column":22},"end":{"line":76,"column":24}},"20":{"start":{"line":78,"column":20},"end":{"line":82,"column":1}},"21":{"start":{"line":86,"column":17},"end":{"line":86,"column":19}},"22":{"start":{"line":87,"column":2},"end":{"line":103,"column":3}},"23":{"start":{"line":88,"column":16},"end":{"line":88,"column":27}},"24":{"start":{"line":89,"column":16},"end":{"line":89,"column":75}},"25":{"start":{"line":91,"column":4},"end":{"line":93,"column":5}},"26":{"start":{"line":92,"column":6},"end":{"line":92,"column":63}},"27":{"start":{"line":92,"column":64},"end":{"line":92,"column":72}},"28":{"start":{"line":94,"column":4},"end":{"line":94,"column":22}},"29":{"start":{"line":94,"column":14},"end":{"line":94,"column":22}},"30":{"start":{"line":95,"column":4},"end":{"line":96,"column":80}},"31":{"start":{"line":96,"column":6},"end":{"line":96,"column":80}},"32":{"start":{"line":97,"column":4},"end":{"line":98,"column":96}},"33":{"start":{"line":98,"column":6},"end":{"line":98,"column":96}},"34":{"start":{"line":99,"column":4},"end":{"line":100,"column":95}},"35":{"start":{"line":100,"column":6},"end":{"line":100,"column":95}},"36":{"start":{"line":101,"column":4},"end":{"line":102,"column":90}},"37":{"start":{"line":102,"column":6},"end":{"line":102,"column":90}},"38":{"start":{"line":104,"column":2},"end":{"line":104,"column":15}},"39":{"start":{"line":109,"column":23},"end":{"line":120,"column":3}},"40":{"start":{"line":122,"column":2},"end":{"line":122,"column":34}},"41":{"start":{"line":124,"column":2},"end":{"line":126,"column":3}},"42":{"start":{"line":128,"column":2},"end":{"line":128,"column":21}},"43":{"start":{"line":132,"column":23},"end":{"line":136,"column":3}},"44":{"start":{"line":138,"column":18},"end":{"line":138,"column":79}},"45":{"start":{"line":140,"column":2},"end":{"line":155,"column":3}},"46":{"start":{"line":141,"column":4},"end":{"line":141,"column":38}},"47":{"start":{"line":144,"column":4},"end":{"line":146,"column":129}},"48":{"start":{"line":148,"column":4},"end":{"line":154,"column":5}},"49":{"start":{"line":157,"column":2},"end":{"line":157,"column":13}},"50":{"start":{"line":162,"column":23},"end":{"line":166,"column":3}},"51":{"start":{"line":168,"column":25},"end":{"line":168,"column":37}},"52":{"start":{"line":170,"column":18},"end":{"line":170,"column":27}},"53":{"start":{"line":172,"column":2},"end":{"line":177,"column":3}},"54":{"start":{"line":176,"column":4},"end":{"line":176,"column":30}},"55":{"start":{"line":179,"column":2},"end":{"line":179,"column":26}},"56":{"start":{"line":181,"column":21},"end":{"line":181,"column":25}},"57":{"start":{"line":184,"column":2},"end":{"line":197,"column":3}},"58":{"start":{"line":188,"column":4},"end":{"line":196,"column":5}},"59":{"start":{"line":199,"column":2},"end":{"line":202,"column":3}},"60":{"start":{"line":208,"column":0},"end":{"line":219,"column":2}},"61":{"start":{"line":209,"column":28},"end":{"line":214,"column":5}},"62":{"start":{"line":210,"column":22},"end":{"line":210,"column":63}},"63":{"start":{"line":213,"column":8},"end":{"line":213,"column":53}},"64":{"start":{"line":216,"column":2},"end":{"line":218,"column":4}},"65":{"start":{"line":229,"column":0},"end":{"line":252,"column":2}},"66":{"start":{"line":230,"column":17},"end":{"line":235,"column":14}},"67":{"start":{"line":237,"column":2},"end":{"line":237,"column":60}},"68":{"start":{"line":237,"column":21},"end":{"line":237,"column":60}},"69":{"start":{"line":239,"column":17},"end":{"line":239,"column":81}},"70":{"start":{"line":239,"column":33},"end":{"line":239,"column":80}},"71":{"start":{"line":240,"column":2},"end":{"line":240,"column":83}},"72":{"start":{"line":240,"column":14},"end":{"line":240,"column":83}},"73":{"start":{"line":242,"column":15},"end":{"line":248,"column":3}},"74":{"start":{"line":249,"column":2},"end":{"line":249,"column":18}},"75":{"start":{"line":251,"column":2},"end":{"line":251,"column":92}},"76":{"start":{"line":255,"column":0},"end":{"line":276,"column":2}},"77":{"start":{"line":256,"column":17},"end":{"line":259,"column":14}},"78":{"start":{"line":261,"column":2},"end":{"line":261,"column":60}},"79":{"start":{"line":261,"column":21},"end":{"line":261,"column":60}},"80":{"start":{"line":263,"column":15},"end":{"line":265,"column":3}},"81":{"start":{"line":264,"column":9},"end":{"line":264,"column":92}},"82":{"start":{"line":266,"column":2},"end":{"line":266,"column":83}},"83":{"start":{"line":266,"column":13},"end":{"line":266,"column":83}},"84":{"start":{"line":268,"column":16},"end":{"line":268,"column":24}},"85":{"start":{"line":269,"column":2},"end":{"line":269,"column":56}},"86":{"start":{"line":271,"column":2},"end":{"line":275,"column":4}},"87":{"start":{"line":279,"column":0},"end":{"line":286,"column":2}},"88":{"start":{"line":280,"column":16},"end":{"line":280,"column":56}},"89":{"start":{"line":281,"column":2},"end":{"line":282,"column":75}},"90":{"start":{"line":282,"column":4},"end":{"line":282,"column":75}},"91":{"start":{"line":284,"column":2},"end":{"line":284,"column":24}},"92":{"start":{"line":285,"column":2},"end":{"line":285,"column":70}},"93":{"start":{"line":289,"column":0},"end":{"line":291,"column":2}},"94":{"start":{"line":290,"column":2},"end":{"line":290,"column":67}},"95":{"start":{"line":294,"column":0},"end":{"line":296,"column":2}},"96":{"start":{"line":295,"column":4},"end":{"line":295,"column":38}},"97":{"start":{"line":303,"column":0},"end":{"line":305,"column":2}},"98":{"start":{"line":304,"column":2},"end":{"line":304,"column":36}},"99":{"start":{"line":308,"column":0},"end":{"line":312,"column":2}},"100":{"start":{"line":309,"column":14},"end":{"line":309,"column":56}},"101":{"start":{"line":309,"column":33},"end":{"line":309,"column":55}},"102":{"start":{"line":310,"column":2},"end":{"line":310,"column":74}},"103":{"start":{"line":310,"column":12},"end":{"line":310,"column":74}},"104":{"start":{"line":311,"column":2},"end":{"line":311,"column":40}},"105":{"start":{"line":315,"column":0},"end":{"line":338,"column":2}},"106":{"start":{"line":316,"column":17},"end":{"line":321,"column":14}},"107":{"start":{"line":323,"column":2},"end":{"line":323,"column":60}},"108":{"start":{"line":323,"column":21},"end":{"line":323,"column":60}},"109":{"start":{"line":325,"column":2},"end":{"line":326,"column":116}},"110":{"start":{"line":326,"column":4},"end":{"line":326,"column":116}},"111":{"start":{"line":328,"column":14},"end":{"line":335,"column":3}},"112":{"start":{"line":336,"column":2},"end":{"line":336,"column":20}},"113":{"start":{"line":337,"column":2},"end":{"line":337,"column":69}},"114":{"start":{"line":341,"column":0},"end":{"line":354,"column":2}},"115":{"start":{"line":342,"column":14},"end":{"line":342,"column":61}},"116":{"start":{"line":342,"column":38},"end":{"line":342,"column":60}},"117":{"start":{"line":343,"column":2},"end":{"line":343,"column":80}},"118":{"start":{"line":343,"column":18},"end":{"line":343,"column":80}},"119":{"start":{"line":345,"column":2},"end":{"line":352,"column":3}},"120":{"start":{"line":353,"column":2},"end":{"line":353,"column":79}},"121":{"start":{"line":357,"column":0},"end":{"line":362,"column":2}},"122":{"start":{"line":358,"column":14},"end":{"line":358,"column":61}},"123":{"start":{"line":358,"column":38},"end":{"line":358,"column":60}},"124":{"start":{"line":359,"column":2},"end":{"line":359,"column":80}},"125":{"start":{"line":359,"column":18},"end":{"line":359,"column":80}},"126":{"start":{"line":360,"column":2},"end":{"line":360,"column":25}},"127":{"start":{"line":361,"column":2},"end":{"line":361,"column":55}},"128":{"start":{"line":365,"column":0},"end":{"line":370,"column":2}},"129":{"start":{"line":366,"column":14},"end":{"line":366,"column":61}},"130":{"start":{"line":366,"column":38},"end":{"line":366,"column":60}},"131":{"start":{"line":367,"column":2},"end":{"line":367,"column":80}},"132":{"start":{"line":367,"column":18},"end":{"line":367,"column":80}},"133":{"start":{"line":368,"column":2},"end":{"line":368,"column":76}},"134":{"start":{"line":369,"column":2},"end":{"line":369,"column":78}},"135":{"start":{"line":377,"column":0},"end":{"line":387,"column":2}},"136":{"start":{"line":378,"column":14},"end":{"line":378,"column":75}},"137":{"start":{"line":378,"column":39},"end":{"line":378,"column":74}},"138":{"start":{"line":379,"column":2},"end":{"line":379,"column":74}},"139":{"start":{"line":379,"column":12},"end":{"line":379,"column":74}},"140":{"start":{"line":381,"column":23},"end":{"line":384,"column":74}},"141":{"start":{"line":382,"column":17},"end":{"line":382,"column":53}},"142":{"start":{"line":383,"column":20},"end":{"line":383,"column":43}},"143":{"start":{"line":384,"column":15},"end":{"line":384,"column":72}},"144":{"start":{"line":386,"column":2},"end":{"line":386,"column":103}},"145":{"start":{"line":390,"column":0},"end":{"line":445,"column":2}},"146":{"start":{"line":391,"column":14},"end":{"line":391,"column":63}},"147":{"start":{"line":391,"column":33},"end":{"line":391,"column":62}},"148":{"start":{"line":393,"column":2},"end":{"line":393,"column":93}},"149":{"start":{"line":393,"column":31},"end":{"line":393,"column":93}},"150":{"start":{"line":394,"column":2},"end":{"line":394,"column":108}},"151":{"start":{"line":394,"column":31},"end":{"line":394,"column":108}},"152":{"start":{"line":396,"column":2},"end":{"line":397,"column":77}},"153":{"start":{"line":397,"column":4},"end":{"line":397,"column":77}},"154":{"start":{"line":399,"column":20},"end":{"line":399,"column":105}},"155":{"start":{"line":399,"column":36},"end":{"line":399,"column":104}},"156":{"start":{"line":400,"column":2},"end":{"line":400,"column":91}},"157":{"start":{"line":400,"column":17},"end":{"line":400,"column":91}},"158":{"start":{"line":402,"column":19},"end":{"line":402,"column":103}},"159":{"start":{"line":402,"column":46},"end":{"line":402,"column":91}},"160":{"start":{"line":404,"column":17},"end":{"line":404,"column":38}},"161":{"start":{"line":407,"column":16},"end":{"line":417,"column":3}},"162":{"start":{"line":420,"column":2},"end":{"line":420,"column":19}},"163":{"start":{"line":422,"column":23},"end":{"line":426,"column":3}},"164":{"start":{"line":428,"column":29},"end":{"line":434,"column":3}},"165":{"start":{"line":436,"column":2},"end":{"line":444,"column":4}},"166":{"start":{"line":448,"column":0},"end":{"line":472,"column":2}},"167":{"start":{"line":449,"column":21},"end":{"line":449,"column":29}},"168":{"start":{"line":450,"column":2},"end":{"line":450,"column":78}},"169":{"start":{"line":450,"column":15},"end":{"line":450,"column":78}},"170":{"start":{"line":452,"column":14},"end":{"line":452,"column":95}},"171":{"start":{"line":452,"column":35},"end":{"line":452,"column":94}},"172":{"start":{"line":453,"column":2},"end":{"line":453,"column":88}},"173":{"start":{"line":453,"column":18},"end":{"line":453,"column":88}},"174":{"start":{"line":455,"column":20},"end":{"line":455,"column":40}},"175":{"start":{"line":456,"column":2},"end":{"line":459,"column":46}},"176":{"start":{"line":457,"column":17},"end":{"line":457,"column":53}},"177":{"start":{"line":458,"column":20},"end":{"line":458,"column":43}},"178":{"start":{"line":459,"column":25},"end":{"line":459,"column":43}},"179":{"start":{"line":461,"column":2},"end":{"line":469,"column":4}},"180":{"start":{"line":465,"column":36},"end":{"line":465,"column":65}},"181":{"start":{"line":471,"column":2},"end":{"line":471,"column":63}},"182":{"start":{"line":475,"column":0},"end":{"line":587,"column":2}},"183":{"start":{"line":476,"column":2},"end":{"line":586,"column":3}},"184":{"start":{"line":477,"column":22},"end":{"line":477,"column":42}},"185":{"start":{"line":479,"column":16},"end":{"line":481,"column":5}},"186":{"start":{"line":480,"column":17},"end":{"line":480,"column":41}},"187":{"start":{"line":483,"column":4},"end":{"line":487,"column":5}},"188":{"start":{"line":484,"column":6},"end":{"line":486,"column":8}},"189":{"start":{"line":489,"column":25},"end":{"line":491,"column":46}},"190":{"start":{"line":490,"column":23},"end":{"line":490,"column":52}},"191":{"start":{"line":491,"column":22},"end":{"line":491,"column":45}},"192":{"start":{"line":493,"column":4},"end":{"line":497,"column":5}},"193":{"start":{"line":494,"column":6},"end":{"line":496,"column":8}},"194":{"start":{"line":499,"column":24},"end":{"line":499,"column":39}},"195":{"start":{"line":501,"column":29},"end":{"line":503,"column":5}},"196":{"start":{"line":502,"column":15},"end":{"line":502,"column":42}},"197":{"start":{"line":505,"column":4},"end":{"line":505,"column":37}},"198":{"start":{"line":507,"column":4},"end":{"line":507,"column":33}},"199":{"start":{"line":508,"column":4},"end":{"line":508,"column":28}},"200":{"start":{"line":510,"column":31},"end":{"line":519,"column":5}},"201":{"start":{"line":521,"column":4},"end":{"line":529,"column":6}},"202":{"start":{"line":531,"column":33},"end":{"line":531,"column":35}},"203":{"start":{"line":533,"column":27},"end":{"line":535,"column":46}},"204":{"start":{"line":534,"column":23},"end":{"line":534,"column":52}},"205":{"start":{"line":535,"column":22},"end":{"line":535,"column":45}},"206":{"start":{"line":537,"column":4},"end":{"line":570,"column":6}},"207":{"start":{"line":538,"column":29},"end":{"line":538,"column":41}},"208":{"start":{"line":540,"column":6},"end":{"line":540,"column":32}},"209":{"start":{"line":542,"column":27},"end":{"line":546,"column":7}},"210":{"start":{"line":549,"column":8},"end":{"line":552,"column":21}},"211":{"start":{"line":554,"column":6},"end":{"line":554,"column":30}},"212":{"start":{"line":556,"column":6},"end":{"line":569,"column":7}},"213":{"start":{"line":560,"column":29},"end":{"line":566,"column":9}},"214":{"start":{"line":568,"column":8},"end":{"line":568,"column":47}},"215":{"start":{"line":572,"column":4},"end":{"line":578,"column":6}},"216":{"start":{"line":580,"column":4},"end":{"line":580,"column":51}},"217":{"start":{"line":582,"column":4},"end":{"line":585,"column":6}},"218":{"start":{"line":590,"column":0},"end":{"line":595,"column":2}},"219":{"start":{"line":591,"column":22},"end":{"line":593,"column":64}},"220":{"start":{"line":592,"column":17},"end":{"line":592,"column":47}},"221":{"start":{"line":593,"column":20},"end":{"line":593,"column":63}},"222":{"start":{"line":594,"column":2},"end":{"line":594,"column":48}},"223":{"start":{"line":598,"column":0},"end":{"line":600,"column":2}},"224":{"start":{"line":602,"column":0},"end":{"line":618,"column":3}},"225":{"start":{"line":603,"column":4},"end":{"line":605,"column":5}},"226":{"start":{"line":604,"column":8},"end":{"line":604,"column":85}},"227":{"start":{"line":606,"column":19},"end":{"line":606,"column":73}},"228":{"start":{"line":606,"column":46},"end":{"line":606,"column":72}},"229":{"start":{"line":608,"column":4},"end":{"line":610,"column":5}},"230":{"start":{"line":609,"column":8},"end":{"line":609,"column":102}},"231":{"start":{"line":613,"column":4},"end":{"line":613,"column":34}},"232":{"start":{"line":614,"column":4},"end":{"line":614,"column":29}},"233":{"start":{"line":615,"column":4},"end":{"line":615,"column":59}},"234":{"start":{"line":617,"column":4},"end":{"line":617,"column":22}},"235":{"start":{"line":620,"column":0},"end":{"line":686,"column":3}},"236":{"start":{"line":624,"column":4},"end":{"line":626,"column":5}},"237":{"start":{"line":625,"column":8},"end":{"line":625,"column":78}},"238":{"start":{"line":628,"column":4},"end":{"line":630,"column":5}},"239":{"start":{"line":629,"column":8},"end":{"line":629,"column":93}},"240":{"start":{"line":632,"column":4},"end":{"line":634,"column":5}},"241":{"start":{"line":633,"column":8},"end":{"line":633,"column":76}},"242":{"start":{"line":636,"column":4},"end":{"line":638,"column":5}},"243":{"start":{"line":637,"column":8},"end":{"line":637,"column":70}},"244":{"start":{"line":641,"column":20},"end":{"line":646,"column":5}},"245":{"start":{"line":649,"column":4},"end":{"line":649,"column":24}},"246":{"start":{"line":651,"column":19},"end":{"line":651,"column":31}},"247":{"start":{"line":652,"column":18},"end":{"line":652,"column":19}},"248":{"start":{"line":653,"column":4},"end":{"line":673,"column":9}},"249":{"start":{"line":655,"column":12},"end":{"line":655,"column":35}},"250":{"start":{"line":656,"column":12},"end":{"line":656,"column":18}},"251":{"start":{"line":659,"column":12},"end":{"line":659,"column":35}},"252":{"start":{"line":660,"column":12},"end":{"line":660,"column":18}},"253":{"start":{"line":663,"column":12},"end":{"line":663,"column":35}},"254":{"start":{"line":664,"column":12},"end":{"line":664,"column":18}},"255":{"start":{"line":667,"column":12},"end":{"line":667,"column":36}},"256":{"start":{"line":668,"column":12},"end":{"line":668,"column":18}},"257":{"start":{"line":671,"column":12},"end":{"line":671,"column":35}},"258":{"start":{"line":672,"column":12},"end":{"line":672,"column":18}},"259":{"start":{"line":676,"column":4},"end":{"line":681,"column":7}},"260":{"start":{"line":688,"column":0},"end":{"line":690,"column":3}},"261":{"start":{"line":689,"column":4},"end":{"line":689,"column":22}},"262":{"start":{"line":693,"column":0},"end":{"line":699,"column":1}},"263":{"start":{"line":694,"column":2},"end":{"line":698,"column":4}},"264":{"start":{"line":695,"column":4},"end":{"line":697,"column":5}},"265":{"start":{"line":702,"column":2},"end":{"line":702,"column":18}},"266":{"start":{"line":703,"column":2},"end":{"line":703,"column":20}},"267":{"start":{"line":704,"column":2},"end":{"line":704,"column":26}},"268":{"start":{"line":705,"column":2},"end":{"line":705,"column":15}},"269":{"start":{"line":709,"column":0},"end":{"line":709,"column":20}},"270":{"start":{"line":712,"column":0},"end":{"line":712,"column":24}},"271":{"start":{"line":713,"column":0},"end":{"line":713,"column":36}}},"fnMap":{"0":{"name":"(anonymous_0)","decl":{"start":{"line":20,"column":2},"end":{"line":20,"column":3}},"loc":{"start":{"line":20,"column":10},"end":{"line":20,"column":43}},"line":20},"1":{"name":"validateFields","decl":{"start":{"line":85,"column":9},"end":{"line":85,"column":23}},"loc":{"start":{"line":85,"column":37},"end":{"line":105,"column":1}},"line":85},"2":{"name":"createNotification","decl":{"start":{"line":108,"column":9},"end":{"line":108,"column":27}},"loc":{"start":{"line":108,"column":78},"end":{"line":129,"column":1}},"line":108},"3":{"name":"checkCloseToFront","decl":{"start":{"line":131,"column":9},"end":{"line":131,"column":26}},"loc":{"start":{"line":131,"column":42},"end":{"line":158,"column":1}},"line":131},"4":{"name":"updateQueueEntryStatus","decl":{"start":{"line":161,"column":9},"end":{"line":161,"column":31}},"loc":{"start":{"line":161,"column":48},"end":{"line":203,"column":1}},"line":161},"5":{"name":"(anonymous_5)","decl":{"start":{"line":208,"column":38},"end":{"line":208,"column":39}},"loc":{"start":{"line":208,"column":51},"end":{"line":219,"column":1}},"line":208},"6":{"name":"(anonymous_6)","decl":{"start":{"line":210,"column":6},"end":{"line":210,"column":7}},"loc":{"start":{"line":210,"column":22},"end":{"line":210,"column":63}},"line":210},"7":{"name":"(anonymous_7)","decl":{"start":{"line":212,"column":6},"end":{"line":212,"column":7}},"loc":{"start":{"line":213,"column":8},"end":{"line":213,"column":53}},"line":213},"8":{"name":"(anonymous_8)","decl":{"start":{"line":229,"column":31},"end":{"line":229,"column":32}},"loc":{"start":{"line":229,"column":45},"end":{"line":252,"column":1}},"line":229},"9":{"name":"(anonymous_9)","decl":{"start":{"line":239,"column":28},"end":{"line":239,"column":29}},"loc":{"start":{"line":239,"column":33},"end":{"line":239,"column":80}},"line":239},"10":{"name":"(anonymous_10)","decl":{"start":{"line":255,"column":28},"end":{"line":255,"column":29}},"loc":{"start":{"line":255,"column":42},"end":{"line":276,"column":1}},"line":255},"11":{"name":"(anonymous_11)","decl":{"start":{"line":264,"column":4},"end":{"line":264,"column":5}},"loc":{"start":{"line":264,"column":9},"end":{"line":264,"column":92}},"line":264},"12":{"name":"(anonymous_12)","decl":{"start":{"line":279,"column":29},"end":{"line":279,"column":30}},"loc":{"start":{"line":279,"column":43},"end":{"line":286,"column":1}},"line":279},"13":{"name":"(anonymous_13)","decl":{"start":{"line":289,"column":23},"end":{"line":289,"column":24}},"loc":{"start":{"line":289,"column":37},"end":{"line":291,"column":1}},"line":289},"14":{"name":"(anonymous_14)","decl":{"start":{"line":294,"column":28},"end":{"line":294,"column":29}},"loc":{"start":{"line":294,"column":41},"end":{"line":296,"column":1}},"line":294},"15":{"name":"(anonymous_15)","decl":{"start":{"line":303,"column":25},"end":{"line":303,"column":26}},"loc":{"start":{"line":303,"column":39},"end":{"line":305,"column":1}},"line":303},"16":{"name":"(anonymous_16)","decl":{"start":{"line":308,"column":29},"end":{"line":308,"column":30}},"loc":{"start":{"line":308,"column":43},"end":{"line":312,"column":1}},"line":308},"17":{"name":"(anonymous_17)","decl":{"start":{"line":309,"column":28},"end":{"line":309,"column":29}},"loc":{"start":{"line":309,"column":33},"end":{"line":309,"column":55}},"line":309},"18":{"name":"(anonymous_18)","decl":{"start":{"line":315,"column":26},"end":{"line":315,"column":27}},"loc":{"start":{"line":315,"column":40},"end":{"line":338,"column":1}},"line":315},"19":{"name":"(anonymous_19)","decl":{"start":{"line":341,"column":29},"end":{"line":341,"column":30}},"loc":{"start":{"line":341,"column":43},"end":{"line":354,"column":1}},"line":341},"20":{"name":"(anonymous_20)","decl":{"start":{"line":342,"column":33},"end":{"line":342,"column":34}},"loc":{"start":{"line":342,"column":38},"end":{"line":342,"column":60}},"line":342},"21":{"name":"(anonymous_21)","decl":{"start":{"line":357,"column":32},"end":{"line":357,"column":33}},"loc":{"start":{"line":357,"column":46},"end":{"line":362,"column":1}},"line":357},"22":{"name":"(anonymous_22)","decl":{"start":{"line":358,"column":33},"end":{"line":358,"column":34}},"loc":{"start":{"line":358,"column":38},"end":{"line":358,"column":60}},"line":358},"23":{"name":"(anonymous_23)","decl":{"start":{"line":365,"column":38},"end":{"line":365,"column":39}},"loc":{"start":{"line":365,"column":52},"end":{"line":370,"column":1}},"line":365},"24":{"name":"(anonymous_24)","decl":{"start":{"line":366,"column":33},"end":{"line":366,"column":34}},"loc":{"start":{"line":366,"column":38},"end":{"line":366,"column":60}},"line":366},"25":{"name":"(anonymous_25)","decl":{"start":{"line":377,"column":33},"end":{"line":377,"column":34}},"loc":{"start":{"line":377,"column":47},"end":{"line":387,"column":1}},"line":377},"26":{"name":"(anonymous_26)","decl":{"start":{"line":378,"column":28},"end":{"line":378,"column":29}},"loc":{"start":{"line":378,"column":39},"end":{"line":378,"column":74}},"line":378},"27":{"name":"(anonymous_27)","decl":{"start":{"line":382,"column":12},"end":{"line":382,"column":13}},"loc":{"start":{"line":382,"column":17},"end":{"line":382,"column":53}},"line":382},"28":{"name":"(anonymous_28)","decl":{"start":{"line":383,"column":10},"end":{"line":383,"column":11}},"loc":{"start":{"line":383,"column":20},"end":{"line":383,"column":43}},"line":383},"29":{"name":"(anonymous_29)","decl":{"start":{"line":384,"column":9},"end":{"line":384,"column":10}},"loc":{"start":{"line":384,"column":15},"end":{"line":384,"column":72}},"line":384},"30":{"name":"(anonymous_30)","decl":{"start":{"line":390,"column":39},"end":{"line":390,"column":40}},"loc":{"start":{"line":390,"column":53},"end":{"line":445,"column":1}},"line":390},"31":{"name":"(anonymous_31)","decl":{"start":{"line":391,"column":28},"end":{"line":391,"column":29}},"loc":{"start":{"line":391,"column":33},"end":{"line":391,"column":62}},"line":391},"32":{"name":"(anonymous_32)","decl":{"start":{"line":399,"column":31},"end":{"line":399,"column":32}},"loc":{"start":{"line":399,"column":36},"end":{"line":399,"column":104}},"line":399},"33":{"name":"(anonymous_33)","decl":{"start":{"line":402,"column":32},"end":{"line":402,"column":33}},"loc":{"start":{"line":402,"column":46},"end":{"line":402,"column":91}},"line":402},"34":{"name":"(anonymous_34)","decl":{"start":{"line":448,"column":42},"end":{"line":448,"column":43}},"loc":{"start":{"line":448,"column":56},"end":{"line":472,"column":1}},"line":448},"35":{"name":"(anonymous_35)","decl":{"start":{"line":452,"column":30},"end":{"line":452,"column":31}},"loc":{"start":{"line":452,"column":35},"end":{"line":452,"column":94}},"line":452},"36":{"name":"(anonymous_36)","decl":{"start":{"line":457,"column":12},"end":{"line":457,"column":13}},"loc":{"start":{"line":457,"column":17},"end":{"line":457,"column":53}},"line":457},"37":{"name":"(anonymous_37)","decl":{"start":{"line":458,"column":10},"end":{"line":458,"column":11}},"loc":{"start":{"line":458,"column":20},"end":{"line":458,"column":43}},"line":458},"38":{"name":"(anonymous_38)","decl":{"start":{"line":459,"column":13},"end":{"line":459,"column":14}},"loc":{"start":{"line":459,"column":23},"end":{"line":459,"column":45}},"line":459},"39":{"name":"(anonymous_39)","decl":{"start":{"line":465,"column":31},"end":{"line":465,"column":32}},"loc":{"start":{"line":465,"column":36},"end":{"line":465,"column":65}},"line":465},"40":{"name":"(anonymous_40)","decl":{"start":{"line":475,"column":45},"end":{"line":475,"column":46}},"loc":{"start":{"line":475,"column":59},"end":{"line":587,"column":1}},"line":475},"41":{"name":"(anonymous_41)","decl":{"start":{"line":480,"column":6},"end":{"line":480,"column":7}},"loc":{"start":{"line":480,"column":17},"end":{"line":480,"column":41}},"line":480},"42":{"name":"(anonymous_42)","decl":{"start":{"line":490,"column":14},"end":{"line":490,"column":15}},"loc":{"start":{"line":490,"column":23},"end":{"line":490,"column":52}},"line":490},"43":{"name":"(anonymous_43)","decl":{"start":{"line":491,"column":12},"end":{"line":491,"column":13}},"loc":{"start":{"line":491,"column":22},"end":{"line":491,"column":45}},"line":491},"44":{"name":"(anonymous_44)","decl":{"start":{"line":502,"column":6},"end":{"line":502,"column":7}},"loc":{"start":{"line":502,"column":15},"end":{"line":502,"column":42}},"line":502},"45":{"name":"(anonymous_45)","decl":{"start":{"line":534,"column":14},"end":{"line":534,"column":15}},"loc":{"start":{"line":534,"column":23},"end":{"line":534,"column":52}},"line":534},"46":{"name":"(anonymous_46)","decl":{"start":{"line":535,"column":12},"end":{"line":535,"column":13}},"loc":{"start":{"line":535,"column":22},"end":{"line":535,"column":45}},"line":535},"47":{"name":"(anonymous_47)","decl":{"start":{"line":537,"column":27},"end":{"line":537,"column":28}},"loc":{"start":{"line":537,"column":45},"end":{"line":570,"column":5}},"line":537},"48":{"name":"(anonymous_48)","decl":{"start":{"line":590,"column":32},"end":{"line":590,"column":33}},"loc":{"start":{"line":590,"column":46},"end":{"line":595,"column":1}},"line":590},"49":{"name":"(anonymous_49)","decl":{"start":{"line":592,"column":12},"end":{"line":592,"column":13}},"loc":{"start":{"line":592,"column":17},"end":{"line":592,"column":47}},"line":592},"50":{"name":"(anonymous_50)","decl":{"start":{"line":593,"column":10},"end":{"line":593,"column":11}},"loc":{"start":{"line":593,"column":20},"end":{"line":593,"column":63}},"line":593},"51":{"name":"(anonymous_51)","decl":{"start":{"line":598,"column":26},"end":{"line":598,"column":27}},"loc":{"start":{"line":598,"column":38},"end":{"line":600,"column":1}},"line":598},"52":{"name":"(anonymous_52)","decl":{"start":{"line":602,"column":24},"end":{"line":602,"column":25}},"loc":{"start":{"line":602,"column":36},"end":{"line":618,"column":1}},"line":602},"53":{"name":"(anonymous_53)","decl":{"start":{"line":606,"column":35},"end":{"line":606,"column":36}},"loc":{"start":{"line":606,"column":46},"end":{"line":606,"column":72}},"line":606},"54":{"name":"(anonymous_54)","decl":{"start":{"line":620,"column":23},"end":{"line":620,"column":24}},"loc":{"start":{"line":620,"column":35},"end":{"line":686,"column":1}},"line":620},"55":{"name":"(anonymous_55)","decl":{"start":{"line":688,"column":20},"end":{"line":688,"column":21}},"loc":{"start":{"line":688,"column":33},"end":{"line":690,"column":1}},"line":688},"56":{"name":"(anonymous_56)","decl":{"start":{"line":694,"column":19},"end":{"line":694,"column":20}},"loc":{"start":{"line":694,"column":25},"end":{"line":698,"column":3}},"line":694},"57":{"name":"resetData","decl":{"start":{"line":701,"column":9},"end":{"line":701,"column":18}},"loc":{"start":{"line":701,"column":21},"end":{"line":706,"column":1}},"line":701}},"branchMap":{"0":{"loc":{"start":{"line":89,"column":16},"end":{"line":89,"column":75}},"type":"cond-expr","locations":[{"start":{"line":89,"column":52},"end":{"line":89,"column":70}},{"start":{"line":89,"column":73},"end":{"line":89,"column":75}}],"line":89},"1":{"loc":{"start":{"line":89,"column":16},"end":{"line":89,"column":49}},"type":"binary-expr","locations":[{"start":{"line":89,"column":16},"end":{"line":89,"column":33}},{"start":{"line":89,"column":37},"end":{"line":89,"column":49}}],"line":89},"2":{"loc":{"start":{"line":91,"column":4},"end":{"line":93,"column":5}},"type":"if","locations":[{"start":{"line":91,"column":4},"end":{"line":93,"column":5}},{"start":{},"end":{}}],"line":91},"3":{"loc":{"start":{"line":91,"column":8},"end":{"line":91,"column":29}},"type":"binary-expr","locations":[{"start":{"line":91,"column":8},"end":{"line":91,"column":21}},{"start":{"line":91,"column":25},"end":{"line":91,"column":29}}],"line":91},"4":{"loc":{"start":{"line":94,"column":4},"end":{"line":94,"column":22}},"type":"if","locations":[{"start":{"line":94,"column":4},"end":{"line":94,"column":22}},{"start":{},"end":{}}],"line":94},"5":{"loc":{"start":{"line":95,"column":4},"end":{"line":96,"column":80}},"type":"if","locations":[{"start":{"line":95,"column":4},"end":{"line":96,"column":80}},{"start":{},"end":{}}],"line":95},"6":{"loc":{"start":{"line":95,"column":8},"end":{"line":95,"column":72}},"type":"binary-expr","locations":[{"start":{"line":95,"column":8},"end":{"line":95,"column":29}},{"start":{"line":95,"column":33},"end":{"line":95,"column":72}}],"line":95},"7":{"loc":{"start":{"line":97,"column":4},"end":{"line":98,"column":96}},"type":"if","locations":[{"start":{"line":97,"column":4},"end":{"line":98,"column":96}},{"start":{},"end":{}}],"line":97},"8":{"loc":{"start":{"line":97,"column":8},"end":{"line":97,"column":53}},"type":"binary-expr","locations":[{"start":{"line":97,"column":8},"end":{"line":97,"column":22}},{"start":{"line":97,"column":26},"end":{"line":97,"column":53}}],"line":97},"9":{"loc":{"start":{"line":99,"column":4},"end":{"line":100,"column":95}},"type":"if","locations":[{"start":{"line":99,"column":4},"end":{"line":100,"column":95}},{"start":{},"end":{}}],"line":99},"10":{"loc":{"start":{"line":99,"column":8},"end":{"line":99,"column":53}},"type":"binary-expr","locations":[{"start":{"line":99,"column":8},"end":{"line":99,"column":22}},{"start":{"line":99,"column":26},"end":{"line":99,"column":53}}],"line":99},"11":{"loc":{"start":{"line":101,"column":4},"end":{"line":102,"column":90}},"type":"if","locations":[{"start":{"line":101,"column":4},"end":{"line":102,"column":90}},{"start":{},"end":{}}],"line":101},"12":{"loc":{"start":{"line":101,"column":8},"end":{"line":101,"column":45}},"type":"binary-expr","locations":[{"start":{"line":101,"column":8},"end":{"line":101,"column":17}},{"start":{"line":101,"column":21},"end":{"line":101,"column":45}}],"line":101},"13":{"loc":{"start":{"line":108,"column":58},"end":{"line":108,"column":77}},"type":"default-arg","locations":[{"start":{"line":108,"column":73},"end":{"line":108,"column":77}}],"line":108},"14":{"loc":{"start":{"line":116,"column":8},"end":{"line":119,"column":5}},"type":"binary-expr","locations":[{"start":{"line":116,"column":8},"end":{"line":116,"column":20}},{"start":{"line":116,"column":24},"end":{"line":119,"column":5}}],"line":116},"15":{"loc":{"start":{"line":135,"column":4},"end":{"line":135,"column":22}},"type":"binary-expr","locations":[{"start":{"line":135,"column":4},"end":{"line":135,"column":16}},{"start":{"line":135,"column":20},"end":{"line":135,"column":22}}],"line":135},"16":{"loc":{"start":{"line":138,"column":18},"end":{"line":138,"column":79}},"type":"binary-expr","locations":[{"start":{"line":138,"column":18},"end":{"line":138,"column":36}},{"start":{"line":138,"column":40},"end":{"line":138,"column":79}}],"line":138},"17":{"loc":{"start":{"line":140,"column":2},"end":{"line":155,"column":3}},"type":"if","locations":[{"start":{"line":140,"column":2},"end":{"line":155,"column":3}},{"start":{},"end":{}}],"line":140},"18":{"loc":{"start":{"line":140,"column":5},"end":{"line":140,"column":44}},"type":"binary-expr","locations":[{"start":{"line":140,"column":5},"end":{"line":140,"column":12}},{"start":{"line":140,"column":16},"end":{"line":140,"column":44}}],"line":140},"19":{"loc":{"start":{"line":144,"column":4},"end":{"line":146,"column":129}},"type":"cond-expr","locations":[{"start":{"line":145,"column":8},"end":{"line":145,"column":60}},{"start":{"line":146,"column":8},"end":{"line":146,"column":129}}],"line":144},"20":{"loc":{"start":{"line":165,"column":4},"end":{"line":165,"column":22}},"type":"binary-expr","locations":[{"start":{"line":165,"column":4},"end":{"line":165,"column":16}},{"start":{"line":165,"column":20},"end":{"line":165,"column":22}}],"line":165},"21":{"loc":{"start":{"line":172,"column":2},"end":{"line":177,"column":3}},"type":"if","locations":[{"start":{"line":172,"column":2},"end":{"line":177,"column":3}},{"start":{},"end":{}}],"line":172},"22":{"loc":{"start":{"line":173,"column":4},"end":{"line":174,"column":43}},"type":"binary-expr","locations":[{"start":{"line":173,"column":4},"end":{"line":173,"column":23}},{"start":{"line":174,"column":4},"end":{"line":174,"column":43}}],"line":173},"23":{"loc":{"start":{"line":184,"column":2},"end":{"line":197,"column":3}},"type":"if","locations":[{"start":{"line":184,"column":2},"end":{"line":197,"column":3}},{"start":{},"end":{}}],"line":184},"24":{"loc":{"start":{"line":185,"column":4},"end":{"line":186,"column":32}},"type":"binary-expr","locations":[{"start":{"line":185,"column":4},"end":{"line":185,"column":32}},{"start":{"line":186,"column":4},"end":{"line":186,"column":32}}],"line":185},"25":{"loc":{"start":{"line":237,"column":2},"end":{"line":237,"column":60}},"type":"if","locations":[{"start":{"line":237,"column":2},"end":{"line":237,"column":60}},{"start":{},"end":{}}],"line":237},"26":{"loc":{"start":{"line":240,"column":2},"end":{"line":240,"column":83}},"type":"if","locations":[{"start":{"line":240,"column":2},"end":{"line":240,"column":83}},{"start":{},"end":{}}],"line":240},"27":{"loc":{"start":{"line":261,"column":2},"end":{"line":261,"column":60}},"type":"if","locations":[{"start":{"line":261,"column":2},"end":{"line":261,"column":60}},{"start":{},"end":{}}],"line":261},"28":{"loc":{"start":{"line":264,"column":9},"end":{"line":264,"column":92}},"type":"binary-expr","locations":[{"start":{"line":264,"column":9},"end":{"line":264,"column":56}},{"start":{"line":264,"column":60},"end":{"line":264,"column":92}}],"line":264},"29":{"loc":{"start":{"line":266,"column":2},"end":{"line":266,"column":83}},"type":"if","locations":[{"start":{"line":266,"column":2},"end":{"line":266,"column":83}},{"start":{},"end":{}}],"line":266},"30":{"loc":{"start":{"line":281,"column":2},"end":{"line":282,"column":75}},"type":"if","locations":[{"start":{"line":281,"column":2},"end":{"line":282,"column":75}},{"start":{},"end":{}}],"line":281},"31":{"loc":{"start":{"line":281,"column":6},"end":{"line":281,"column":32}},"type":"binary-expr","locations":[{"start":{"line":281,"column":6},"end":{"line":281,"column":12}},{"start":{"line":281,"column":16},"end":{"line":281,"column":32}}],"line":281},"32":{"loc":{"start":{"line":310,"column":2},"end":{"line":310,"column":74}},"type":"if","locations":[{"start":{"line":310,"column":2},"end":{"line":310,"column":74}},{"start":{},"end":{}}],"line":310},"33":{"loc":{"start":{"line":323,"column":2},"end":{"line":323,"column":60}},"type":"if","locations":[{"start":{"line":323,"column":2},"end":{"line":323,"column":60}},{"start":{},"end":{}}],"line":323},"34":{"loc":{"start":{"line":325,"column":2},"end":{"line":326,"column":116}},"type":"if","locations":[{"start":{"line":325,"column":2},"end":{"line":326,"column":116}},{"start":{},"end":{}}],"line":325},"35":{"loc":{"start":{"line":325,"column":6},"end":{"line":325,"column":63}},"type":"binary-expr","locations":[{"start":{"line":325,"column":6},"end":{"line":325,"column":30}},{"start":{"line":325,"column":34},"end":{"line":325,"column":63}}],"line":325},"36":{"loc":{"start":{"line":343,"column":2},"end":{"line":343,"column":80}},"type":"if","locations":[{"start":{"line":343,"column":2},"end":{"line":343,"column":80}},{"start":{},"end":{}}],"line":343},"37":{"loc":{"start":{"line":347,"column":8},"end":{"line":347,"column":63}},"type":"binary-expr","locations":[{"start":{"line":347,"column":8},"end":{"line":347,"column":21}},{"start":{"line":347,"column":29},"end":{"line":347,"column":63}}],"line":347},"38":{"loc":{"start":{"line":348,"column":8},"end":{"line":348,"column":63}},"type":"binary-expr","locations":[{"start":{"line":348,"column":8},"end":{"line":348,"column":21}},{"start":{"line":348,"column":29},"end":{"line":348,"column":63}}],"line":348},"39":{"loc":{"start":{"line":349,"column":8},"end":{"line":349,"column":68}},"type":"binary-expr","locations":[{"start":{"line":349,"column":8},"end":{"line":349,"column":25}},{"start":{"line":349,"column":29},"end":{"line":349,"column":68}}],"line":349},"40":{"loc":{"start":{"line":350,"column":8},"end":{"line":350,"column":60}},"type":"binary-expr","locations":[{"start":{"line":350,"column":8},"end":{"line":350,"column":25}},{"start":{"line":350,"column":29},"end":{"line":350,"column":60}}],"line":350},"41":{"loc":{"start":{"line":351,"column":8},"end":{"line":351,"column":58}},"type":"binary-expr","locations":[{"start":{"line":351,"column":8},"end":{"line":351,"column":23}},{"start":{"line":351,"column":29},"end":{"line":351,"column":58}}],"line":351},"42":{"loc":{"start":{"line":359,"column":2},"end":{"line":359,"column":80}},"type":"if","locations":[{"start":{"line":359,"column":2},"end":{"line":359,"column":80}},{"start":{},"end":{}}],"line":359},"43":{"loc":{"start":{"line":367,"column":2},"end":{"line":367,"column":80}},"type":"if","locations":[{"start":{"line":367,"column":2},"end":{"line":367,"column":80}},{"start":{},"end":{}}],"line":367},"44":{"loc":{"start":{"line":368,"column":25},"end":{"line":368,"column":76}},"type":"cond-expr","locations":[{"start":{"line":368,"column":59},"end":{"line":368,"column":67}},{"start":{"line":368,"column":70},"end":{"line":368,"column":76}}],"line":368},"45":{"loc":{"start":{"line":379,"column":2},"end":{"line":379,"column":74}},"type":"if","locations":[{"start":{"line":379,"column":2},"end":{"line":379,"column":74}},{"start":{},"end":{}}],"line":379},"46":{"loc":{"start":{"line":393,"column":2},"end":{"line":393,"column":93}},"type":"if","locations":[{"start":{"line":393,"column":2},"end":{"line":393,"column":93}},{"start":{},"end":{}}],"line":393},"47":{"loc":{"start":{"line":394,"column":2},"end":{"line":394,"column":108}},"type":"if","locations":[{"start":{"line":394,"column":2},"end":{"line":394,"column":108}},{"start":{},"end":{}}],"line":394},"48":{"loc":{"start":{"line":396,"column":2},"end":{"line":397,"column":77}},"type":"if","locations":[{"start":{"line":396,"column":2},"end":{"line":397,"column":77}},{"start":{},"end":{}}],"line":396},"49":{"loc":{"start":{"line":396,"column":6},"end":{"line":396,"column":40}},"type":"binary-expr","locations":[{"start":{"line":396,"column":6},"end":{"line":396,"column":22}},{"start":{"line":396,"column":26},"end":{"line":396,"column":40}}],"line":396},"50":{"loc":{"start":{"line":399,"column":36},"end":{"line":399,"column":104}},"type":"binary-expr","locations":[{"start":{"line":399,"column":36},"end":{"line":399,"column":72}},{"start":{"line":399,"column":76},"end":{"line":399,"column":104}}],"line":399},"51":{"loc":{"start":{"line":400,"column":2},"end":{"line":400,"column":91}},"type":"if","locations":[{"start":{"line":400,"column":2},"end":{"line":400,"column":91}},{"start":{},"end":{}}],"line":400},"52":{"loc":{"start":{"line":404,"column":17},"end":{"line":404,"column":38}},"type":"binary-expr","locations":[{"start":{"line":404,"column":17},"end":{"line":404,"column":32}},{"start":{"line":404,"column":36},"end":{"line":404,"column":38}}],"line":404},"53":{"loc":{"start":{"line":450,"column":2},"end":{"line":450,"column":78}},"type":"if","locations":[{"start":{"line":450,"column":2},"end":{"line":450,"column":78}},{"start":{},"end":{}}],"line":450},"54":{"loc":{"start":{"line":452,"column":35},"end":{"line":452,"column":94}},"type":"binary-expr","locations":[{"start":{"line":452,"column":35},"end":{"line":452,"column":71}},{"start":{"line":452,"column":75},"end":{"line":452,"column":94}}],"line":452},"55":{"loc":{"start":{"line":453,"column":2},"end":{"line":453,"column":88}},"type":"if","locations":[{"start":{"line":453,"column":2},"end":{"line":453,"column":88}},{"start":{},"end":{}}],"line":453},"56":{"loc":{"start":{"line":465,"column":17},"end":{"line":465,"column":78}},"type":"binary-expr","locations":[{"start":{"line":465,"column":17},"end":{"line":465,"column":72}},{"start":{"line":465,"column":76},"end":{"line":465,"column":78}}],"line":465},"57":{"loc":{"start":{"line":483,"column":4},"end":{"line":487,"column":5}},"type":"if","locations":[{"start":{"line":483,"column":4},"end":{"line":487,"column":5}},{"start":{},"end":{}}],"line":483},"58":{"loc":{"start":{"line":493,"column":4},"end":{"line":497,"column":5}},"type":"if","locations":[{"start":{"line":493,"column":4},"end":{"line":497,"column":5}},{"start":{},"end":{}}],"line":493},"59":{"loc":{"start":{"line":545,"column":8},"end":{"line":545,"column":26}},"type":"binary-expr","locations":[{"start":{"line":545,"column":8},"end":{"line":545,"column":20}},{"start":{"line":545,"column":24},"end":{"line":545,"column":26}}],"line":545},"60":{"loc":{"start":{"line":549,"column":8},"end":{"line":552,"column":21}},"type":"cond-expr","locations":[{"start":{"line":551,"column":12},"end":{"line":551,"column":26}},{"start":{"line":552,"column":12},"end":{"line":552,"column":21}}],"line":549},"61":{"loc":{"start":{"line":549,"column":8},"end":{"line":550,"column":47}},"type":"binary-expr","locations":[{"start":{"line":549,"column":8},"end":{"line":549,"column":27}},{"start":{"line":550,"column":8},"end":{"line":550,"column":47}}],"line":549},"62":{"loc":{"start":{"line":556,"column":6},"end":{"line":569,"column":7}},"type":"if","locations":[{"start":{"line":556,"column":6},"end":{"line":569,"column":7}},{"start":{},"end":{}}],"line":556},"63":{"loc":{"start":{"line":557,"column":8},"end":{"line":558,"column":36}},"type":"binary-expr","locations":[{"start":{"line":557,"column":8},"end":{"line":557,"column":36}},{"start":{"line":558,"column":8},"end":{"line":558,"column":36}}],"line":557},"64":{"loc":{"start":{"line":603,"column":4},"end":{"line":605,"column":5}},"type":"if","locations":[{"start":{"line":603,"column":4},"end":{"line":605,"column":5}},{"start":{},"end":{}}],"line":603},"65":{"loc":{"start":{"line":608,"column":4},"end":{"line":610,"column":5}},"type":"if","locations":[{"start":{"line":608,"column":4},"end":{"line":610,"column":5}},{"start":{},"end":{}}],"line":608},"66":{"loc":{"start":{"line":624,"column":4},"end":{"line":626,"column":5}},"type":"if","locations":[{"start":{"line":624,"column":4},"end":{"line":626,"column":5}},{"start":{},"end":{}}],"line":624},"67":{"loc":{"start":{"line":624,"column":7},"end":{"line":624,"column":80}},"type":"binary-expr","locations":[{"start":{"line":624,"column":7},"end":{"line":624,"column":40}},{"start":{"line":624,"column":44},"end":{"line":624,"column":80}}],"line":624},"68":{"loc":{"start":{"line":628,"column":4},"end":{"line":630,"column":5}},"type":"if","locations":[{"start":{"line":628,"column":4},"end":{"line":630,"column":5}},{"start":{},"end":{}}],"line":628},"69":{"loc":{"start":{"line":628,"column":7},"end":{"line":628,"column":73}},"type":"binary-expr","locations":[{"start":{"line":628,"column":7},"end":{"line":628,"column":21}},{"start":{"line":628,"column":25},"end":{"line":628,"column":42}},{"start":{"line":628,"column":46},"end":{"line":628,"column":73}}],"line":628},"70":{"loc":{"start":{"line":632,"column":4},"end":{"line":634,"column":5}},"type":"if","locations":[{"start":{"line":632,"column":4},"end":{"line":634,"column":5}},{"start":{},"end":{}}],"line":632},"71":{"loc":{"start":{"line":636,"column":4},"end":{"line":638,"column":5}},"type":"if","locations":[{"start":{"line":636,"column":4},"end":{"line":638,"column":5}},{"start":{},"end":{}}],"line":636},"72":{"loc":{"start":{"line":653,"column":4},"end":{"line":673,"column":9}},"type":"switch","locations":[{"start":{"line":654,"column":8},"end":{"line":656,"column":18}},{"start":{"line":658,"column":8},"end":{"line":660,"column":18}},{"start":{"line":662,"column":8},"end":{"line":664,"column":18}},{"start":{"line":666,"column":8},"end":{"line":668,"column":18}},{"start":{"line":670,"column":8},"end":{"line":672,"column":18}}],"line":653},"73":{"loc":{"start":{"line":693,"column":0},"end":{"line":699,"column":1}},"type":"if","locations":[{"start":{"line":693,"column":0},"end":{"line":699,"column":1}},{"start":{},"end":{}}],"line":693}},"s":{"0":2,"1":2,"2":2,"3":2,"4":2,"5":2,"6":2,"7":2,"8":2,"9":2,"10":2,"11":2,"12":4,"13":2,"14":2,"15":2,"16":2,"17":2,"18":2,"19":2,"20":2,"21":18,"22":18,"23":60,"24":60,"25":60,"26":5,"27":5,"28":55,"29":0,"30":55,"31":1,"32":55,"33":1,"34":55,"35":1,"36":55,"37":2,"38":18,"39":5,"40":5,"41":5,"42":5,"43":0,"44":0,"45":0,"46":0,"47":0,"48":0,"49":0,"50":0,"51":0,"52":0,"53":0,"54":0,"55":0,"56":0,"57":0,"58":0,"59":0,"60":2,"61":0,"62":0,"63":0,"64":0,"65":2,"66":6,"67":6,"68":4,"69":2,"70":3,"71":2,"72":1,"73":1,"74":1,"75":1,"76":2,"77":6,"78":6,"79":2,"80":4,"81":8,"82":4,"83":2,"84":2,"85":2,"86":2,"87":2,"88":2,"89":2,"90":1,"91":1,"92":1,"93":2,"94":1,"95":2,"96":0,"97":2,"98":1,"99":2,"100":3,"101":8,"102":3,"103":1,"104":2,"105":2,"106":6,"107":6,"108":4,"109":2,"110":0,"111":2,"112":2,"113":2,"114":2,"115":2,"116":7,"117":2,"118":1,"119":1,"120":1,"121":2,"122":2,"123":13,"124":2,"125":1,"126":1,"127":1,"128":2,"129":2,"130":8,"131":2,"132":1,"133":1,"134":1,"135":2,"136":3,"137":8,"138":3,"139":1,"140":2,"141":6,"142":4,"143":6,"144":2,"145":2,"146":8,"147":22,"148":8,"149":1,"150":7,"151":1,"152":6,"153":1,"154":5,"155":22,"156":5,"157":1,"158":4,"159":17,"160":4,"161":4,"162":4,"163":4,"164":4,"165":4,"166":2,"167":3,"168":3,"169":1,"170":2,"171":11,"172":2,"173":1,"174":1,"175":1,"176":5,"177":0,"178":0,"179":1,"180":5,"181":1,"182":2,"183":2,"184":2,"185":2,"186":9,"187":2,"188":1,"189":1,"190":6,"191":0,"192":1,"193":0,"194":1,"195":1,"196":6,"197":1,"198":1,"199":1,"200":1,"201":1,"202":1,"203":1,"204":5,"205":0,"206":1,"207":0,"208":0,"209":0,"210":0,"211":0,"212":0,"213":0,"214":0,"215":1,"216":0,"217":0,"218":2,"219":0,"220":0,"221":0,"222":0,"223":2,"224":2,"225":3,"226":1,"227":2,"228":2,"229":2,"230":1,"231":1,"232":1,"233":1,"234":1,"235":2,"236":8,"237":1,"238":7,"239":2,"240":5,"241":1,"242":4,"243":1,"244":3,"245":3,"246":3,"247":3,"248":3,"249":1,"250":1,"251":0,"252":0,"253":0,"254":0,"255":0,"256":0,"257":2,"258":2,"259":3,"260":2,"261":2,"262":2,"263":0,"264":0,"265":10,"266":10,"267":10,"268":10,"269":2,"270":2,"271":2},"f":{"0":4,"1":18,"2":5,"3":0,"4":0,"5":0,"6":0,"7":0,"8":6,"9":3,"10":6,"11":8,"12":2,"13":1,"14":0,"15":1,"16":3,"17":8,"18":6,"19":2,"20":7,"21":2,"22":13,"23":2,"24":8,"25":3,"26":8,"27":6,"28":4,"29":6,"30":8,"31":22,"32":22,"33":17,"34":3,"35":11,"36":5,"37":0,"38":0,"39":5,"40":2,"41":9,"42":6,"43":0,"44":6,"45":5,"46":0,"47":0,"48":0,"49":0,"50":0,"51":0,"52":3,"53":2,"54":8,"55":2,"56":0,"57":10},"b":{"0":[55,5],"1":[60,55],"2":[5,55],"3":[60,60],"4":[0,55],"5":[1,54],"6":[55,11],"7":[1,54],"8":[55,22],"9":[1,54],"10":[55,10],"11":[2,53],"12":[55,12],"13":[0],"14":[5,5],"15":[0,0],"16":[0,0],"17":[0,0],"18":[0,0],"19":[0,0],"20":[0,0],"21":[0,0],"22":[0,0],"23":[0,0],"24":[0,0],"25":[4,2],"26":[1,1],"27":[2,4],"28":[8,3],"29":[2,2],"30":[1,1],"31":[2,2],"32":[1,2],"33":[4,2],"34":[0,2],"35":[2,2],"36":[1,1],"37":[1,1],"38":[1,0],"39":[1,1],"40":[1,0],"41":[1,0],"42":[1,1],"43":[1,1],"44":[1,0],"45":[1,2],"46":[1,7],"47":[1,6],"48":[1,5],"49":[6,5],"50":[22,12],"51":[1,4],"52":[4,4],"53":[1,2],"54":[11,6],"55":[1,1],"56":[1,0],"57":[1,1],"58":[0,1],"59":[0,0],"60":[0,0],"61":[0,0],"62":[0,0],"63":[0,0],"64":[1,2],"65":[1,1],"66":[1,7],"67":[8,7],"68":[2,5],"69":[7,6,6],"70":[1,4],"71":[1,3],"72":[1,0,0,0,2],"73":[0,2]},"_coverageSchema":"1a1c01bbd47fc00a2c39e90264f33305004495a9","hash":"bad31d5bfaf72e6ac68012ba405d577c764d4bc2"}
}
