TN:
SF:server.js
FN:36,validateFields
FN:63,(anonymous_1)
FN:73,(anonymous_2)
FN:89,(anonymous_3)
FN:98,(anonymous_4)
FN:113,(anonymous_5)
FN:123,(anonymous_6)
FN:132,(anonymous_7)
FN:137,(anonymous_8)
FN:138,(anonymous_9)
FN:144,(anonymous_10)
FN:170,(anonymous_11)
FN:171,(anonymous_12)
FN:186,(anonymous_13)
FN:187,(anonymous_14)
FN:194,(anonymous_15)
FN:195,(anonymous_16)
FN:206,(anonymous_17)
FN:207,(anonymous_18)
FN:211,(anonymous_19)
FN:212,(anonymous_20)
FN:213,(anonymous_21)
FN:219,(anonymous_22)
FN:220,(anonymous_23)
FN:226,(anonymous_24)
FN:229,(anonymous_25)
FN:249,(anonymous_26)
FN:253,(anonymous_27)
FN:258,(anonymous_28)
FN:259,(anonymous_29)
FN:260,(anonymous_30)
FN:266,(anonymous_31)
FN:276,(anonymous_32)
FN:277,(anonymous_33)
FN:281,(anonymous_34)
FN:282,(anonymous_35)
FN:287,(anonymous_36)
FN:289,(anonymous_37)
FN:290,(anonymous_38)
FN:291,(anonymous_39)
FN:307,(anonymous_40)
FN:309,(anonymous_41)
FN:310,(anonymous_42)
FN:315,(anonymous_43)
FNF:44
FNH:36
FNDA:18,validateFields
FNDA:6,(anonymous_1)
FNDA:3,(anonymous_2)
FNDA:6,(anonymous_3)
FNDA:8,(anonymous_4)
FNDA:2,(anonymous_5)
FNDA:1,(anonymous_6)
FNDA:1,(anonymous_7)
FNDA:3,(anonymous_8)
FNDA:8,(anonymous_9)
FNDA:6,(anonymous_10)
FNDA:2,(anonymous_11)
FNDA:7,(anonymous_12)
FNDA:2,(anonymous_13)
FNDA:13,(anonymous_14)
FNDA:2,(anonymous_15)
FNDA:8,(anonymous_16)
FNDA:3,(anonymous_17)
FNDA:8,(anonymous_18)
FNDA:6,(anonymous_19)
FNDA:4,(anonymous_20)
FNDA:6,(anonymous_21)
FNDA:8,(anonymous_22)
FNDA:22,(anonymous_23)
FNDA:22,(anonymous_24)
FNDA:17,(anonymous_25)
FNDA:3,(anonymous_26)
FNDA:11,(anonymous_27)
FNDA:5,(anonymous_28)
FNDA:0,(anonymous_29)
FNDA:0,(anonymous_30)
FNDA:5,(anonymous_31)
FNDA:2,(anonymous_32)
FNDA:9,(anonymous_33)
FNDA:6,(anonymous_34)
FNDA:0,(anonymous_35)
FNDA:6,(anonymous_36)
FNDA:5,(anonymous_37)
FNDA:0,(anonymous_38)
FNDA:0,(anonymous_39)
FNDA:0,(anonymous_40)
FNDA:0,(anonymous_41)
FNDA:0,(anonymous_42)
FNDA:1,(anonymous_43)
DA:1,1
DA:2,1
DA:3,1
DA:5,1
DA:6,1
DA:9,1
DA:10,1
DA:13,1
DA:14,1
DA:15,1
DA:17,1
DA:19,1
DA:27,1
DA:33,1
DA:37,18
DA:38,18
DA:39,60
DA:40,60
DA:42,60
DA:43,5
DA:45,55
DA:46,55
DA:47,1
DA:48,55
DA:49,1
DA:50,55
DA:51,1
DA:52,55
DA:53,2
DA:55,18
DA:63,1
DA:64,6
DA:71,6
DA:73,3
DA:74,2
DA:76,1
DA:83,1
DA:85,1
DA:89,1
DA:90,6
DA:95,6
DA:97,4
DA:98,8
DA:100,4
DA:102,2
DA:103,2
DA:105,2
DA:113,1
DA:114,2
DA:115,2
DA:116,1
DA:118,1
DA:119,1
DA:123,1
DA:124,1
DA:132,1
DA:133,1
DA:137,1
DA:138,8
DA:139,3
DA:140,2
DA:144,1
DA:145,6
DA:152,6
DA:154,2
DA:155,0
DA:157,2
DA:165,2
DA:166,2
DA:170,1
DA:171,7
DA:172,2
DA:174,1
DA:182,1
DA:186,1
DA:187,13
DA:188,2
DA:189,1
DA:190,1
DA:194,1
DA:195,8
DA:196,2
DA:197,1
DA:198,1
DA:206,1
DA:207,8
DA:208,3
DA:210,2
DA:211,6
DA:212,4
DA:213,6
DA:215,2
DA:219,1
DA:220,22
DA:221,8
DA:222,7
DA:223,6
DA:224,1
DA:226,22
DA:227,5
DA:229,17
DA:230,4
DA:239,4
DA:241,4
DA:249,1
DA:250,3
DA:251,3
DA:253,11
DA:254,2
DA:256,1
DA:257,1
DA:258,5
DA:259,0
DA:260,0
DA:262,1
DA:266,5
DA:272,1
DA:276,1
DA:277,9
DA:278,2
DA:280,1
DA:281,6
DA:282,0
DA:284,1
DA:286,1
DA:287,6
DA:288,1
DA:289,5
DA:290,0
DA:291,0
DA:293,1
DA:303,1
DA:307,1
DA:308,0
DA:309,0
DA:310,0
DA:311,0
DA:315,1
DA:316,1
DA:319,1
LF:140
LH:130
BRDA:40,0,0,55
BRDA:40,0,1,5
BRDA:40,1,0,60
BRDA:40,1,1,55
BRDA:42,2,0,5
BRDA:42,2,1,55
BRDA:42,3,0,60
BRDA:42,3,1,60
BRDA:45,4,0,0
BRDA:45,4,1,55
BRDA:46,5,0,1
BRDA:46,5,1,54
BRDA:46,6,0,55
BRDA:46,6,1,11
BRDA:48,7,0,1
BRDA:48,7,1,54
BRDA:48,8,0,55
BRDA:48,8,1,22
BRDA:50,9,0,1
BRDA:50,9,1,54
BRDA:50,10,0,55
BRDA:50,10,1,10
BRDA:52,11,0,2
BRDA:52,11,1,53
BRDA:52,12,0,55
BRDA:52,12,1,12
BRDA:71,13,0,4
BRDA:71,13,1,2
BRDA:74,14,0,1
BRDA:74,14,1,1
BRDA:95,15,0,2
BRDA:95,15,1,4
BRDA:98,16,0,8
BRDA:98,16,1,3
BRDA:100,17,0,2
BRDA:100,17,1,2
BRDA:115,18,0,1
BRDA:115,18,1,1
BRDA:115,19,0,2
BRDA:115,19,1,2
BRDA:139,20,0,1
BRDA:139,20,1,2
BRDA:152,21,0,4
BRDA:152,21,1,2
BRDA:154,22,0,0
BRDA:154,22,1,2
BRDA:154,23,0,2
BRDA:154,23,1,2
BRDA:172,24,0,1
BRDA:172,24,1,1
BRDA:176,25,0,1
BRDA:176,25,1,1
BRDA:177,26,0,1
BRDA:177,26,1,0
BRDA:178,27,0,1
BRDA:178,27,1,1
BRDA:179,28,0,1
BRDA:179,28,1,0
BRDA:180,29,0,1
BRDA:180,29,1,0
BRDA:188,30,0,1
BRDA:188,30,1,1
BRDA:196,31,0,1
BRDA:196,31,1,1
BRDA:197,32,0,1
BRDA:197,32,1,0
BRDA:208,33,0,1
BRDA:208,33,1,2
BRDA:221,34,0,1
BRDA:221,34,1,7
BRDA:222,35,0,1
BRDA:222,35,1,6
BRDA:223,36,0,1
BRDA:223,36,1,5
BRDA:223,37,0,6
BRDA:223,37,1,5
BRDA:226,38,0,22
BRDA:226,38,1,12
BRDA:227,39,0,1
BRDA:227,39,1,4
BRDA:251,40,0,1
BRDA:251,40,1,2
BRDA:253,41,0,11
BRDA:253,41,1,6
BRDA:254,42,0,1
BRDA:254,42,1,1
BRDA:266,43,0,1
BRDA:266,43,1,0
BRDA:278,44,0,1
BRDA:278,44,1,1
BRDA:284,45,0,0
BRDA:284,45,1,1
BRF:92
BRH:84
end_of_record
