TN:
SF:server.js
FN:20,(anonymous_0)
FN:85,validateFields
FN:108,createNotification
FN:132,checkCloseToFront
FN:166,(anonymous_4)
FN:176,(anonymous_5)
FN:192,(anonymous_6)
FN:201,(anonymous_7)
FN:216,(anonymous_8)
FN:226,(anonymous_9)
FN:231,(anonymous_10)
FN:240,(anonymous_11)
FN:245,(anonymous_12)
FN:246,(anonymous_13)
FN:252,(anonymous_14)
FN:278,(anonymous_15)
FN:279,(anonymous_16)
FN:294,(anonymous_17)
FN:295,(anonymous_18)
FN:302,(anonymous_19)
FN:303,(anonymous_20)
FN:314,(anonymous_21)
FN:315,(anonymous_22)
FN:319,(anonymous_23)
FN:320,(anonymous_24)
FN:321,(anonymous_25)
FN:327,(anonymous_26)
FN:328,(anonymous_27)
FN:336,(anonymous_28)
FN:339,(anonymous_29)
FN:385,(anonymous_30)
FN:389,(anonymous_31)
FN:394,(anonymous_32)
FN:395,(anonymous_33)
FN:396,(anonymous_34)
FN:402,(anonymous_35)
FN:412,(anonymous_36)
FN:413,(anonymous_37)
FN:417,(anonymous_38)
FN:418,(anonymous_39)
FN:423,(anonymous_40)
FN:425,(anonymous_41)
FN:426,(anonymous_42)
FN:427,(anonymous_43)
FN:443,(anonymous_44)
FN:445,(anonymous_45)
FN:446,(anonymous_46)
FN:451,(anonymous_47)
FN:455,(anonymous_48)
FN:459,(anonymous_49)
FN:473,(anonymous_50)
FN:537,(anonymous_51)
FN:542,(anonymous_52)
FN:547,(anonymous_53)
FNF:54
FNH:38
FNDA:2,(anonymous_0)
FNDA:18,validateFields
FNDA:4,createNotification
FNDA:0,checkCloseToFront
FNDA:6,(anonymous_4)
FNDA:3,(anonymous_5)
FNDA:6,(anonymous_6)
FNDA:8,(anonymous_7)
FNDA:2,(anonymous_8)
FNDA:1,(anonymous_9)
FNDA:0,(anonymous_10)
FNDA:1,(anonymous_11)
FNDA:3,(anonymous_12)
FNDA:8,(anonymous_13)
FNDA:6,(anonymous_14)
FNDA:2,(anonymous_15)
FNDA:7,(anonymous_16)
FNDA:2,(anonymous_17)
FNDA:13,(anonymous_18)
FNDA:2,(anonymous_19)
FNDA:8,(anonymous_20)
FNDA:3,(anonymous_21)
FNDA:8,(anonymous_22)
FNDA:6,(anonymous_23)
FNDA:4,(anonymous_24)
FNDA:6,(anonymous_25)
FNDA:8,(anonymous_26)
FNDA:22,(anonymous_27)
FNDA:22,(anonymous_28)
FNDA:17,(anonymous_29)
FNDA:3,(anonymous_30)
FNDA:11,(anonymous_31)
FNDA:5,(anonymous_32)
FNDA:0,(anonymous_33)
FNDA:0,(anonymous_34)
FNDA:5,(anonymous_35)
FNDA:2,(anonymous_36)
FNDA:9,(anonymous_37)
FNDA:6,(anonymous_38)
FNDA:0,(anonymous_39)
FNDA:6,(anonymous_40)
FNDA:5,(anonymous_41)
FNDA:0,(anonymous_42)
FNDA:0,(anonymous_43)
FNDA:0,(anonymous_44)
FNDA:0,(anonymous_45)
FNDA:0,(anonymous_46)
FNDA:0,(anonymous_47)
FNDA:0,(anonymous_48)
FNDA:0,(anonymous_49)
FNDA:0,(anonymous_50)
FNDA:0,(anonymous_51)
FNDA:0,(anonymous_52)
FNDA:1,(anonymous_53)
DA:1,1
DA:2,1
DA:3,1
DA:4,1
DA:6,1
DA:7,1
DA:10,1
DA:11,1
DA:14,1
DA:15,1
DA:16,1
DA:19,1
DA:20,2
DA:23,1
DA:25,1
DA:33,1
DA:64,1
DA:66,1
DA:75,1
DA:76,1
DA:78,1
DA:86,18
DA:87,18
DA:88,60
DA:89,60
DA:91,60
DA:92,5
DA:94,55
DA:95,55
DA:96,1
DA:97,55
DA:98,1
DA:99,55
DA:100,1
DA:101,55
DA:102,2
DA:104,18
DA:109,4
DA:123,4
DA:125,4
DA:129,4
DA:133,0
DA:139,0
DA:141,0
DA:142,0
DA:145,0
DA:149,0
DA:158,0
DA:166,1
DA:167,6
DA:174,6
DA:176,3
DA:177,2
DA:179,1
DA:186,1
DA:188,1
DA:192,1
DA:193,6
DA:198,6
DA:200,4
DA:201,8
DA:203,4
DA:205,2
DA:206,2
DA:208,2
DA:216,1
DA:217,2
DA:218,2
DA:219,1
DA:221,1
DA:222,1
DA:226,1
DA:227,1
DA:231,1
DA:232,0
DA:240,1
DA:241,1
DA:245,1
DA:246,8
DA:247,3
DA:248,2
DA:252,1
DA:253,6
DA:260,6
DA:262,2
DA:263,0
DA:265,2
DA:273,2
DA:274,2
DA:278,1
DA:279,7
DA:280,2
DA:282,1
DA:290,1
DA:294,1
DA:295,13
DA:296,2
DA:297,1
DA:298,1
DA:302,1
DA:303,8
DA:304,2
DA:305,1
DA:306,1
DA:314,1
DA:315,8
DA:316,3
DA:318,2
DA:319,6
DA:320,4
DA:321,6
DA:323,2
DA:327,1
DA:328,22
DA:330,8
DA:331,7
DA:333,6
DA:334,1
DA:336,22
DA:337,5
DA:339,17
DA:341,4
DA:344,4
DA:357,4
DA:359,4
DA:365,4
DA:373,4
DA:385,1
DA:386,3
DA:387,3
DA:389,11
DA:390,2
DA:392,1
DA:393,1
DA:394,5
DA:395,0
DA:396,0
DA:398,1
DA:402,5
DA:408,1
DA:412,1
DA:413,9
DA:414,2
DA:416,1
DA:417,6
DA:418,0
DA:420,1
DA:422,1
DA:423,6
DA:424,1
DA:425,5
DA:426,0
DA:427,0
DA:429,1
DA:439,1
DA:443,1
DA:444,0
DA:445,0
DA:446,0
DA:447,0
DA:451,1
DA:455,1
DA:456,0
DA:457,0
DA:459,0
DA:461,0
DA:462,0
DA:466,0
DA:467,0
DA:468,0
DA:470,0
DA:473,1
DA:476,0
DA:477,0
DA:479,0
DA:480,0
DA:482,0
DA:483,0
DA:485,0
DA:486,0
DA:490,0
DA:498,0
DA:500,0
DA:501,0
DA:502,0
DA:504,0
DA:505,0
DA:508,0
DA:509,0
DA:512,0
DA:513,0
DA:516,0
DA:517,0
DA:520,0
DA:521,0
DA:525,0
DA:532,0
DA:537,1
DA:538,0
DA:542,1
DA:543,0
DA:547,1
DA:548,1
DA:551,1
LF:204
LH:150
BRDA:89,0,0,55
BRDA:89,0,1,5
BRDA:89,1,0,60
BRDA:89,1,1,55
BRDA:91,2,0,5
BRDA:91,2,1,55
BRDA:91,3,0,60
BRDA:91,3,1,60
BRDA:94,4,0,0
BRDA:94,4,1,55
BRDA:95,5,0,1
BRDA:95,5,1,54
BRDA:95,6,0,55
BRDA:95,6,1,11
BRDA:97,7,0,1
BRDA:97,7,1,54
BRDA:97,8,0,55
BRDA:97,8,1,22
BRDA:99,9,0,1
BRDA:99,9,1,54
BRDA:99,10,0,55
BRDA:99,10,1,10
BRDA:101,11,0,2
BRDA:101,11,1,53
BRDA:101,12,0,55
BRDA:101,12,1,12
BRDA:108,13,0,0
BRDA:117,14,0,4
BRDA:117,14,1,4
BRDA:136,15,0,0
BRDA:136,15,1,0
BRDA:139,16,0,0
BRDA:139,16,1,0
BRDA:141,17,0,0
BRDA:141,17,1,0
BRDA:141,18,0,0
BRDA:141,18,1,0
BRDA:145,19,0,0
BRDA:145,19,1,0
BRDA:174,20,0,4
BRDA:174,20,1,2
BRDA:177,21,0,1
BRDA:177,21,1,1
BRDA:198,22,0,2
BRDA:198,22,1,4
BRDA:201,23,0,8
BRDA:201,23,1,3
BRDA:203,24,0,2
BRDA:203,24,1,2
BRDA:218,25,0,1
BRDA:218,25,1,1
BRDA:218,26,0,2
BRDA:218,26,1,2
BRDA:247,27,0,1
BRDA:247,27,1,2
BRDA:260,28,0,4
BRDA:260,28,1,2
BRDA:262,29,0,0
BRDA:262,29,1,2
BRDA:262,30,0,2
BRDA:262,30,1,2
BRDA:280,31,0,1
BRDA:280,31,1,1
BRDA:284,32,0,1
BRDA:284,32,1,1
BRDA:285,33,0,1
BRDA:285,33,1,0
BRDA:286,34,0,1
BRDA:286,34,1,1
BRDA:287,35,0,1
BRDA:287,35,1,0
BRDA:288,36,0,1
BRDA:288,36,1,0
BRDA:296,37,0,1
BRDA:296,37,1,1
BRDA:304,38,0,1
BRDA:304,38,1,1
BRDA:305,39,0,1
BRDA:305,39,1,0
BRDA:316,40,0,1
BRDA:316,40,1,2
BRDA:330,41,0,1
BRDA:330,41,1,7
BRDA:331,42,0,1
BRDA:331,42,1,6
BRDA:333,43,0,1
BRDA:333,43,1,5
BRDA:333,44,0,6
BRDA:333,44,1,5
BRDA:336,45,0,22
BRDA:336,45,1,12
BRDA:337,46,0,1
BRDA:337,46,1,4
BRDA:341,47,0,4
BRDA:341,47,1,4
BRDA:387,48,0,1
BRDA:387,48,1,2
BRDA:389,49,0,11
BRDA:389,49,1,6
BRDA:390,50,0,1
BRDA:390,50,1,1
BRDA:402,51,0,1
BRDA:402,51,1,0
BRDA:414,52,0,1
BRDA:414,52,1,1
BRDA:420,53,0,0
BRDA:420,53,1,1
BRDA:456,54,0,0
BRDA:456,54,1,0
BRDA:461,55,0,0
BRDA:461,55,1,0
BRDA:476,56,0,0
BRDA:476,56,1,0
BRDA:476,57,0,0
BRDA:476,57,1,0
BRDA:476,57,2,0
BRDA:479,58,0,0
BRDA:479,58,1,0
BRDA:479,59,0,0
BRDA:479,59,1,0
BRDA:482,60,0,0
BRDA:482,60,1,0
BRDA:485,61,0,0
BRDA:485,61,1,0
BRDA:502,62,0,0
BRDA:502,62,1,0
BRDA:502,62,2,0
BRDA:502,62,3,0
BRDA:502,62,4,0
BRF:129
BRH:88
end_of_record
